[     984ms] [ERROR] Failed to load resource: net::ERR_CONNECTION_REFUSED @ https://cadmus.script.ac/d23sa75evsxrsv/script.js:0
[     986ms] [ERROR] Failed to load resource: net::ERR_CONNECTION_REFUSED @ https://www.googletagservices.com/tag/js/gpt.js:0
[    1991ms] [ERROR] Failed to load resource: net::ERR_CONNECTION_REFUSED @ https://htlbid.com/stage/v3/hltv.org/htlbid.js:0
[    1991ms] [ERROR] Failed to load resource: net::ERR_CONNECTION_REFUSED @ https://www.googletagmanager.com/gtag/js?id=G-525WEYQTV9:0
[    1991ms] [ERROR] Failed to load resource: net::ERR_CONNECTION_REFUSED @ https://static.cloudflareinsights.com/beacon.min.js/vcd15cbe7772f49c399c6a5babf22c1241717689176015:0
[    2731ms] [ERROR] Failed to load resource: net::ERR_CONNECTION_REFUSED @ https://r.uuidksinc.net/match/1043602/:0
[    2949ms] [ERROR] Failed to load resource: net::ERR_CONNECTION_REFUSED @ https://imgsct.cookiebot.com/1.gif?dgi=e33407d2-0296-4168-a6fb-6e38ce5f1ffb:0
[    2961ms] [ERROR] Failed to load resource: net::ERR_CONNECTION_REFUSED @ https://www.google-analytics.com/analytics.js:0
[    3020ms] [ERROR] Failed to load resource: net::ERR_CONNECTION_REFUSED @ https://htlbid.com/stage/v3/hltv.org/htlbid.js:0
[    3054ms] [ERROR] Failed to load resource: net::ERR_CONNECTION_REFUSED @ https://static.cloudflareinsights.com/beacon.min.js/vcd15cbe7772f49c399c6a5babf22c1241717689176015:0
[    3056ms] [ERROR] Failed to load resource: net::ERR_CONNECTION_REFUSED @ https://cadmus.script.ac/d23sa75evsxrsv/script.js:0
[    3058ms] [ERROR] Failed to load resource: net::ERR_CONNECTION_REFUSED @ https://www.googletagmanager.com/gtag/js?id=G-525WEYQTV9:0
[    3144ms] [ERROR] Failed to load resource: net::ERR_CONNECTION_REFUSED @ https://static.ads-twitter.com/uwt.js:0
[    3157ms] [ERROR] Failed to load resource: net::ERR_CONNECTION_REFUSED @ https://amplify.outbrain.com/cp/obtp.js:0
[    3192ms] [ERROR] Failed to load resource: net::ERR_CONNECTION_REFUSED @ https://pj.l.liftdsp.com/admtracker.lib.min.js:0
[    3204ms] [ERROR] Failed to load resource: net::ERR_CONNECTION_REFUSED @ https://sdk.mrf.io/statics/marfeel-sdk.js?id=6703:0
[    3204ms] [ERROR] Failed to load resource: net::ERR_CONNECTION_REFUSED @ https://intersc.igaming-service.io/hltv.org.js?ver=2026-2-12:0
[    4220ms] [ERROR] Failed to load resource: net::ERR_CONNECTION_REFUSED @ https://sp.analytics.yahoo.com/sp.pl?a=10000&d=Thu%2C%2012%20Feb%202026%2004%3A32%3A04%20GMT&n=-1&b=Counter-Strike%20Ranking%20%7C%20World%20Ranking%20%7C%20HLTV.org&.yp=10135249&f=https%3A%2F%2Fwww.hltv.org%2Franking%2Fteams%2F2025%2Faugust%2F25&enc=UTF-8&gdpr=0&us_privacy=1---&yv=1.16.6:0
[    8135ms] [WARNING] The resource https://www.googletagservices.com/tag/js/gpt.js was preloaded using link preload but not used within a few seconds from the window's load event. Please make sure it has an appropriate `as` value and it is preloaded intentionally. @ https://www.hltv.org/ranking/teams/2025/august/25:0
[   15245ms] [ERROR] Failed to load resource: the server responded with a status of 404 () @ https://www.hltv.org/ranking/teams/2025/september/1:0
[   15346ms] [ERROR] Failed to load resource: net::ERR_CONNECTION_REFUSED @ https://cadmus.script.ac/d23sa75evsxrsv/script.js:0
[   15347ms] [ERROR] Failed to load resource: net::ERR_CONNECTION_REFUSED @ https://www.googletagservices.com/tag/js/gpt.js:0
[   15357ms] [ERROR] Failed to load resource: net::ERR_CONNECTION_REFUSED @ https://r.uuidksinc.net/match/1043602/:0
[   15360ms] [ERROR] Failed to load resource: net::ERR_CONNECTION_REFUSED @ https://htlbid.com/stage/v3/hltv.org/htlbid.js:0
[   15361ms] [ERROR] Failed to load resource: net::ERR_CONNECTION_REFUSED @ https://sdk.mrf.io/statics/marfeel-sdk.js?id=6703:0
[   15362ms] [ERROR] Failed to load resource: net::ERR_CONNECTION_REFUSED @ https://www.googletagmanager.com/gtag/js?id=G-525WEYQTV9:0
[   15362ms] [ERROR] Failed to load resource: net::ERR_CONNECTION_REFUSED @ https://www.google-analytics.com/analytics.js:0
[   15362ms] [ERROR] Failed to load resource: net::ERR_CONNECTION_REFUSED @ https://pj.l.liftdsp.com/admtracker.lib.min.js:0
[   15362ms] [ERROR] Failed to load resource: net::ERR_CONNECTION_REFUSED @ https://static.ads-twitter.com/uwt.js:0
[   15412ms] [ERROR] Failed to load resource: net::ERR_CONNECTION_REFUSED @ https://amplify.outbrain.com/cp/obtp.js:0
[   15484ms] [ERROR] Failed to load resource: net::ERR_CONNECTION_REFUSED @ https://static.cloudflareinsights.com/beacon.min.js/vcd15cbe7772f49c399c6a5babf22c1241717689176015:0
[   15488ms] [ERROR] Failed to load resource: net::ERR_CONNECTION_REFUSED @ https://sp.analytics.yahoo.com/sp.pl?a=10000&d=Thu%2C%2012%20Feb%202026%2004%3A32%3A15%20GMT&n=-1&b=HLTV.org%20-%20The%20home%20of%20competitive%20Counter-Strike&.yp=10135249&f=https%3A%2F%2Fwww.hltv.org%2Franking%2Fteams%2F2025%2Fseptember%2F1&enc=UTF-8&gdpr=0&us_privacy=1---&yv=1.16.6:0
[   15924ms] [ERROR] Failed to load resource: net::ERR_CONNECTION_REFUSED @ https://imgsct.cookiebot.com/1.gif?dgi=e33407d2-0296-4168-a6fb-6e38ce5f1ffb:0
[   17258ms] [ERROR] Failed to load resource: net::ERR_CONNECTION_REFUSED @ https://intersc.igaming-service.io/hltv.org.js?ver=2026-2-12:0
[   20469ms] [WARNING] The resource https://www.googletagservices.com/tag/js/gpt.js was preloaded using link preload but not used within a few seconds from the window's load event. Please make sure it has an appropriate `as` value and it is preloaded intentionally. @ https://www.hltv.org/ranking/teams/2025/september/1:0
[   26469ms] [ERROR] Access to XMLHttpRequest at 'https://scorebot-lb.hltv.org/socket.io/?EIO=3&transport=polling&t=PnG7mY9&sid=901bfc62-9f93-40f5-b84d-b4c3d0c4dea4' from origin 'https://www.hltv.org' has been blocked by CORS policy: No 'Access-Control-Allow-Origin' header is present on the requested resource. @ https://www.hltv.org/ranking/teams/2025/september/1:0
[   26470ms] [ERROR] Failed to load resource: net::ERR_FAILED @ https://scorebot-lb.hltv.org/socket.io/?EIO=3&transport=polling&t=PnG7mY9&sid=901bfc62-9f93-40f5-b84d-b4c3d0c4dea4:0
[   31441ms] [WARNING] The resource https://www.googletagservices.com/tag/js/gpt.js was preloaded using link preload but not used within a few seconds from the window's load event. Please make sure it has an appropriate `as` value and it is preloaded intentionally. @ https://www.hltv.org/ranking/teams/2025/september/1:0
[   36277ms] [ERROR] Failed to load resource: net::ERR_CONNECTION_REFUSED @ https://cadmus.script.ac/d23sa75evsxrsv/script.js:0
[   36277ms] [ERROR] Failed to load resource: net::ERR_CONNECTION_REFUSED @ https://www.googletagservices.com/tag/js/gpt.js:0
[   36286ms] [ERROR] Failed to load resource: net::ERR_CONNECTION_REFUSED @ https://r.uuidksinc.net/match/1043602/:0
[   36289ms] [ERROR] Failed to load resource: net::ERR_CONNECTION_REFUSED @ https://htlbid.com/stage/v3/hltv.org/htlbid.js:0
[   36290ms] [ERROR] Failed to load resource: net::ERR_CONNECTION_REFUSED @ https://sdk.mrf.io/statics/marfeel-sdk.js?id=6703:0
[   36290ms] [ERROR] Failed to load resource: net::ERR_CONNECTION_REFUSED @ https://www.googletagmanager.com/gtag/js?id=G-525WEYQTV9:0
[   36290ms] [ERROR] Failed to load resource: net::ERR_CONNECTION_REFUSED @ https://www.google-analytics.com/analytics.js:0
[   36290ms] [ERROR] Failed to load resource: net::ERR_CONNECTION_REFUSED @ https://pj.l.liftdsp.com/admtracker.lib.min.js:0
[   36290ms] [ERROR] Failed to load resource: net::ERR_CONNECTION_REFUSED @ https://static.ads-twitter.com/uwt.js:0
[   36343ms] [ERROR] Failed to load resource: net::ERR_CONNECTION_REFUSED @ https://amplify.outbrain.com/cp/obtp.js:0
[   36346ms] [ERROR] Failed to load resource: net::ERR_CONNECTION_REFUSED @ https://sp.analytics.yahoo.com/sp.pl?a=10000&d=Thu%2C%2012%20Feb%202026%2004%3A32%3A36%20GMT&n=-1&b=Counter-Strike%20Ranking%20%7C%20World%20Ranking%20%7C%20HLTV.org&.yp=10135249&f=https%3A%2F%2Fwww.hltv.org%2Franking%2Fteams%2F2025%2Fseptember%2F8&enc=UTF-8&gdpr=0&us_privacy=1---&yv=1.16.6:0
[   36819ms] [ERROR] Failed to load resource: net::ERR_CONNECTION_REFUSED @ https://static.cloudflareinsights.com/beacon.min.js/vcd15cbe7772f49c399c6a5babf22c1241717689176015:0
[   36931ms] [ERROR] Failed to load resource: net::ERR_CONNECTION_REFUSED @ https://imgsct.cookiebot.com/1.gif?dgi=e33407d2-0296-4168-a6fb-6e38ce5f1ffb:0
[   38259ms] [ERROR] Failed to load resource: net::ERR_CONNECTION_REFUSED @ https://intersc.igaming-service.io/hltv.org.js?ver=2026-2-12:0
[   41020ms] [ERROR] Failed to load resource: net::ERR_CONNECTION_REFUSED @ https://cadmus.script.ac/d23sa75evsxrsv/script.js:0
[   41020ms] [ERROR] Failed to load resource: net::ERR_CONNECTION_REFUSED @ https://www.googletagservices.com/tag/js/gpt.js:0
[   41058ms] [ERROR] Failed to load resource: net::ERR_CONNECTION_REFUSED @ https://r.uuidksinc.net/match/1043602/:0
[   41058ms] [ERROR] Failed to load resource: net::ERR_CONNECTION_REFUSED @ https://htlbid.com/stage/v3/hltv.org/htlbid.js:0
[   41063ms] [ERROR] Failed to load resource: net::ERR_CONNECTION_REFUSED @ https://sdk.mrf.io/statics/marfeel-sdk.js?id=6703:0
[   41063ms] [ERROR] Failed to load resource: net::ERR_CONNECTION_REFUSED @ https://www.googletagmanager.com/gtag/js?id=G-525WEYQTV9:0
[   41063ms] [ERROR] Failed to load resource: net::ERR_CONNECTION_REFUSED @ https://www.google-analytics.com/analytics.js:0
[   41063ms] [ERROR] Failed to load resource: net::ERR_CONNECTION_REFUSED @ https://pj.l.liftdsp.com/admtracker.lib.min.js:0
[   41063ms] [ERROR] Failed to load resource: net::ERR_CONNECTION_REFUSED @ https://static.ads-twitter.com/uwt.js:0
[   41065ms] [ERROR] Failed to load resource: net::ERR_CONNECTION_REFUSED @ https://amplify.outbrain.com/cp/obtp.js:0
[   41115ms] [ERROR] Failed to load resource: net::ERR_CONNECTION_REFUSED @ https://sp.analytics.yahoo.com/sp.pl?a=10000&d=Thu%2C%2012%20Feb%202026%2004%3A32%3A41%20GMT&n=-1&b=Counter-Strike%20Ranking%20%7C%20World%20Ranking%20%7C%20HLTV.org&.yp=10135249&f=https%3A%2F%2Fwww.hltv.org%2Franking%2Fteams%2F2025%2Fseptember%2F15&enc=UTF-8&gdpr=0&us_privacy=1---&yv=1.16.6:0
[   41464ms] [ERROR] Failed to load resource: net::ERR_CONNECTION_REFUSED @ https://static.cloudflareinsights.com/beacon.min.js/vcd15cbe7772f49c399c6a5babf22c1241717689176015:0
[   41521ms] [ERROR] Failed to load resource: net::ERR_CONNECTION_REFUSED @ https://imgsct.cookiebot.com/1.gif?dgi=e33407d2-0296-4168-a6fb-6e38ce5f1ffb:0
[   43031ms] [ERROR] Failed to load resource: net::ERR_CONNECTION_REFUSED @ https://intersc.igaming-service.io/hltv.org.js?ver=2026-2-12:0
[   45272ms] [ERROR] Failed to load resource: net::ERR_CONNECTION_REFUSED @ https://cadmus.script.ac/d23sa75evsxrsv/script.js:0
[   45272ms] [ERROR] Failed to load resource: net::ERR_CONNECTION_REFUSED @ https://www.googletagservices.com/tag/js/gpt.js:0
[   45281ms] [ERROR] Failed to load resource: net::ERR_CONNECTION_REFUSED @ https://r.uuidksinc.net/match/1043602/:0
[   45284ms] [ERROR] Failed to load resource: net::ERR_CONNECTION_REFUSED @ https://htlbid.com/stage/v3/hltv.org/htlbid.js:0
[   45285ms] [ERROR] Failed to load resource: net::ERR_CONNECTION_REFUSED @ https://sdk.mrf.io/statics/marfeel-sdk.js?id=6703:0
[   45285ms] [ERROR] Failed to load resource: net::ERR_CONNECTION_REFUSED @ https://www.googletagmanager.com/gtag/js?id=G-525WEYQTV9:0
[   45285ms] [ERROR] Failed to load resource: net::ERR_CONNECTION_REFUSED @ https://www.google-analytics.com/analytics.js:0
[   45285ms] [ERROR] Failed to load resource: net::ERR_CONNECTION_REFUSED @ https://pj.l.liftdsp.com/admtracker.lib.min.js:0
[   45285ms] [ERROR] Failed to load resource: net::ERR_CONNECTION_REFUSED @ https://static.ads-twitter.com/uwt.js:0
[   45336ms] [ERROR] Failed to load resource: net::ERR_CONNECTION_REFUSED @ https://amplify.outbrain.com/cp/obtp.js:0
[   45337ms] [ERROR] Failed to load resource: net::ERR_CONNECTION_REFUSED @ https://sp.analytics.yahoo.com/sp.pl?a=10000&d=Thu%2C%2012%20Feb%202026%2004%3A32%3A45%20GMT&n=-1&b=Counter-Strike%20Ranking%20%7C%20World%20Ranking%20%7C%20HLTV.org&.yp=10135249&f=https%3A%2F%2Fwww.hltv.org%2Franking%2Fteams%2F2025%2Fseptember%2F22&enc=UTF-8&gdpr=0&us_privacy=1---&yv=1.16.6:0
[   45687ms] [ERROR] Failed to load resource: net::ERR_CONNECTION_REFUSED @ https://static.cloudflareinsights.com/beacon.min.js/vcd15cbe7772f49c399c6a5babf22c1241717689176015:0
[   45744ms] [ERROR] Failed to load resource: net::ERR_CONNECTION_REFUSED @ https://imgsct.cookiebot.com/1.gif?dgi=e33407d2-0296-4168-a6fb-6e38ce5f1ffb:0
[   47257ms] [ERROR] Failed to load resource: net::ERR_CONNECTION_REFUSED @ https://intersc.igaming-service.io/hltv.org.js?ver=2026-2-12:0
[   50680ms] [WARNING] The resource https://www.googletagservices.com/tag/js/gpt.js was preloaded using link preload but not used within a few seconds from the window's load event. Please make sure it has an appropriate `as` value and it is preloaded intentionally. @ https://www.hltv.org/ranking/teams/2025/september/22:0
[  146649ms] [ERROR] Failed to load resource: net::ERR_CONNECTION_REFUSED @ https://cadmus.script.ac/d23sa75evsxrsv/script.js:0
[  146649ms] [ERROR] Failed to load resource: net::ERR_CONNECTION_REFUSED @ https://www.googletagservices.com/tag/js/gpt.js:0
[  146787ms] [ERROR] Failed to load resource: net::ERR_CONNECTION_REFUSED @ https://r.uuidksinc.net/match/1043602/:0
[  146790ms] [ERROR] Failed to load resource: net::ERR_CONNECTION_REFUSED @ https://htlbid.com/stage/v3/hltv.org/htlbid.js:0
[  146790ms] [ERROR] Failed to load resource: net::ERR_CONNECTION_REFUSED @ https://sdk.mrf.io/statics/marfeel-sdk.js?id=6703:0
[  146790ms] [ERROR] Failed to load resource: net::ERR_CONNECTION_REFUSED @ https://www.googletagmanager.com/gtag/js?id=G-525WEYQTV9:0
[  146790ms] [ERROR] Failed to load resource: net::ERR_CONNECTION_REFUSED @ https://www.google-analytics.com/analytics.js:0
[  146790ms] [ERROR] Failed to load resource: net::ERR_CONNECTION_REFUSED @ https://pj.l.liftdsp.com/admtracker.lib.min.js:0
[  146790ms] [ERROR] Failed to load resource: net::ERR_CONNECTION_REFUSED @ https://static.ads-twitter.com/uwt.js:0
[  146809ms] [ERROR] Failed to load resource: net::ERR_CONNECTION_REFUSED @ https://amplify.outbrain.com/cp/obtp.js:0
[  146860ms] [ERROR] Failed to load resource: net::ERR_CONNECTION_REFUSED @ https://sp.analytics.yahoo.com/sp.pl?a=10000&d=Thu%2C%2012%20Feb%202026%2004%3A34%3A27%20GMT&n=-1&b=Counter-Strike%20Ranking%20%7C%20World%20Ranking%20%7C%20HLTV.org&.yp=10135249&f=https%3A%2F%2Fwww.hltv.org%2Franking%2Fteams%2F2025%2Fseptember%2F29&enc=UTF-8&gdpr=0&us_privacy=1---&yv=1.16.6:0
[  147067ms] [ERROR] Failed to load resource: net::ERR_CONNECTION_REFUSED @ https://static.cloudflareinsights.com/beacon.min.js/vcd15cbe7772f49c399c6a5babf22c1241717689176015:0
[  147448ms] [ERROR] Failed to load resource: net::ERR_CONNECTION_REFUSED @ https://imgsct.cookiebot.com/1.gif?dgi=e33407d2-0296-4168-a6fb-6e38ce5f1ffb:0
[  148660ms] [ERROR] Failed to load resource: net::ERR_CONNECTION_REFUSED @ https://intersc.igaming-service.io/hltv.org.js?ver=2026-2-12:0
[  150857ms] [ERROR] Failed to load resource: net::ERR_CONNECTION_REFUSED @ https://cadmus.script.ac/d23sa75evsxrsv/script.js:0
[  150857ms] [ERROR] Failed to load resource: net::ERR_CONNECTION_REFUSED @ https://www.googletagservices.com/tag/js/gpt.js:0
[  150865ms] [ERROR] Failed to load resource: net::ERR_CONNECTION_REFUSED @ https://r.uuidksinc.net/match/1043602/:0
[  150868ms] [ERROR] Failed to load resource: net::ERR_CONNECTION_REFUSED @ https://htlbid.com/stage/v3/hltv.org/htlbid.js:0
[  150868ms] [ERROR] Failed to load resource: net::ERR_CONNECTION_REFUSED @ https://sdk.mrf.io/statics/marfeel-sdk.js?id=6703:0
[  150868ms] [ERROR] Failed to load resource: net::ERR_CONNECTION_REFUSED @ https://www.googletagmanager.com/gtag/js?id=G-525WEYQTV9:0
[  150868ms] [ERROR] Failed to load resource: net::ERR_CONNECTION_REFUSED @ https://www.google-analytics.com/analytics.js:0
[  150868ms] [ERROR] Failed to load resource: net::ERR_CONNECTION_REFUSED @ https://pj.l.liftdsp.com/admtracker.lib.min.js:0
[  150868ms] [ERROR] Failed to load resource: net::ERR_CONNECTION_REFUSED @ https://static.ads-twitter.com/uwt.js:0
[  150920ms] [ERROR] Failed to load resource: net::ERR_CONNECTION_REFUSED @ https://amplify.outbrain.com/cp/obtp.js:0
[  150923ms] [ERROR] Failed to load resource: net::ERR_CONNECTION_REFUSED @ https://sp.analytics.yahoo.com/sp.pl?a=10000&d=Thu%2C%2012%20Feb%202026%2004%3A34%3A31%20GMT&n=-1&b=Counter-Strike%20Ranking%20%7C%20World%20Ranking%20%7C%20HLTV.org&.yp=10135249&f=https%3A%2F%2Fwww.hltv.org%2Franking%2Fteams%2F2025%2Foctober%2F6&enc=UTF-8&gdpr=0&us_privacy=1---&yv=1.16.6:0
[  151274ms] [ERROR] Failed to load resource: net::ERR_CONNECTION_REFUSED @ https://static.cloudflareinsights.com/beacon.min.js/vcd15cbe7772f49c399c6a5babf22c1241717689176015:0
[  151324ms] [ERROR] Failed to load resource: net::ERR_CONNECTION_REFUSED @ https://imgsct.cookiebot.com/1.gif?dgi=e33407d2-0296-4168-a6fb-6e38ce5f1ffb:0
[  152841ms] [ERROR] Failed to load resource: net::ERR_CONNECTION_REFUSED @ https://intersc.igaming-service.io/hltv.org.js?ver=2026-2-12:0
[  155179ms] [ERROR] Failed to load resource: net::ERR_CONNECTION_REFUSED @ https://cadmus.script.ac/d23sa75evsxrsv/script.js:0
[  155179ms] [ERROR] Failed to load resource: net::ERR_CONNECTION_REFUSED @ https://www.googletagservices.com/tag/js/gpt.js:0
[  155181ms] [ERROR] Failed to load resource: net::ERR_CONNECTION_REFUSED @ https://r.uuidksinc.net/match/1043602/:0
[  155191ms] [ERROR] Failed to load resource: net::ERR_CONNECTION_REFUSED @ https://htlbid.com/stage/v3/hltv.org/htlbid.js:0
[  155191ms] [ERROR] Failed to load resource: net::ERR_CONNECTION_REFUSED @ https://sdk.mrf.io/statics/marfeel-sdk.js?id=6703:0
[  155191ms] [ERROR] Failed to load resource: net::ERR_CONNECTION_REFUSED @ https://www.googletagmanager.com/gtag/js?id=G-525WEYQTV9:0
[  155191ms] [ERROR] Failed to load resource: net::ERR_CONNECTION_REFUSED @ https://www.google-analytics.com/analytics.js:0
[  155192ms] [ERROR] Failed to load resource: net::ERR_CONNECTION_REFUSED @ https://pj.l.liftdsp.com/admtracker.lib.min.js:0
[  155192ms] [ERROR] Failed to load resource: net::ERR_CONNECTION_REFUSED @ https://static.ads-twitter.com/uwt.js:0
[  155242ms] [ERROR] Failed to load resource: net::ERR_CONNECTION_REFUSED @ https://amplify.outbrain.com/cp/obtp.js:0
[  155243ms] [ERROR] Failed to load resource: net::ERR_CONNECTION_REFUSED @ https://sp.analytics.yahoo.com/sp.pl?a=10000&d=Thu%2C%2012%20Feb%202026%2004%3A34%3A35%20GMT&n=-1&b=Counter-Strike%20Ranking%20%7C%20World%20Ranking%20%7C%20HLTV.org&.yp=10135249&f=https%3A%2F%2Fwww.hltv.org%2Franking%2Fteams%2F2025%2Foctober%2F13&enc=UTF-8&gdpr=0&us_privacy=1---&yv=1.16.6:0
[  155602ms] [ERROR] Failed to load resource: net::ERR_CONNECTION_REFUSED @ https://static.cloudflareinsights.com/beacon.min.js/vcd15cbe7772f49c399c6a5babf22c1241717689176015:0
[  155655ms] [ERROR] Failed to load resource: net::ERR_CONNECTION_REFUSED @ https://imgsct.cookiebot.com/1.gif?dgi=e33407d2-0296-4168-a6fb-6e38ce5f1ffb:0
[  157166ms] [ERROR] Failed to load resource: net::ERR_CONNECTION_REFUSED @ https://intersc.igaming-service.io/hltv.org.js?ver=2026-2-12:0
[  159354ms] [ERROR] Failed to load resource: net::ERR_CONNECTION_REFUSED @ https://cadmus.script.ac/d23sa75evsxrsv/script.js:0
[  159354ms] [ERROR] Failed to load resource: net::ERR_CONNECTION_REFUSED @ https://www.googletagservices.com/tag/js/gpt.js:0
[  159362ms] [ERROR] Failed to load resource: net::ERR_CONNECTION_REFUSED @ https://r.uuidksinc.net/match/1043602/:0
[  159365ms] [ERROR] Failed to load resource: net::ERR_CONNECTION_REFUSED @ https://htlbid.com/stage/v3/hltv.org/htlbid.js:0
[  159365ms] [ERROR] Failed to load resource: net::ERR_CONNECTION_REFUSED @ https://sdk.mrf.io/statics/marfeel-sdk.js?id=6703:0
[  159365ms] [ERROR] Failed to load resource: net::ERR_CONNECTION_REFUSED @ https://www.googletagmanager.com/gtag/js?id=G-525WEYQTV9:0
[  159365ms] [ERROR] Failed to load resource: net::ERR_CONNECTION_REFUSED @ https://www.google-analytics.com/analytics.js:0
[  159365ms] [ERROR] Failed to load resource: net::ERR_CONNECTION_REFUSED @ https://pj.l.liftdsp.com/admtracker.lib.min.js:0
[  159365ms] [ERROR] Failed to load resource: net::ERR_CONNECTION_REFUSED @ https://static.ads-twitter.com/uwt.js:0
[  159414ms] [ERROR] Failed to load resource: net::ERR_CONNECTION_REFUSED @ https://amplify.outbrain.com/cp/obtp.js:0
[  159415ms] [ERROR] Failed to load resource: net::ERR_CONNECTION_REFUSED @ https://sp.analytics.yahoo.com/sp.pl?a=10000&d=Thu%2C%2012%20Feb%202026%2004%3A34%3A39%20GMT&n=-1&b=Counter-Strike%20Ranking%20%7C%20World%20Ranking%20%7C%20HLTV.org&.yp=10135249&f=https%3A%2F%2Fwww.hltv.org%2Franking%2Fteams%2F2025%2Foctober%2F20&enc=UTF-8&gdpr=0&us_privacy=1---&yv=1.16.6:0
[  159767ms] [ERROR] Failed to load resource: net::ERR_CONNECTION_REFUSED @ https://static.cloudflareinsights.com/beacon.min.js/vcd15cbe7772f49c399c6a5babf22c1241717689176015:0
[  159817ms] [ERROR] Failed to load resource: net::ERR_CONNECTION_REFUSED @ https://imgsct.cookiebot.com/1.gif?dgi=e33407d2-0296-4168-a6fb-6e38ce5f1ffb:0
[  161342ms] [ERROR] Failed to load resource: net::ERR_CONNECTION_REFUSED @ https://intersc.igaming-service.io/hltv.org.js?ver=2026-2-12:0
[  163261ms] [ERROR] Failed to load resource: net::ERR_CONNECTION_REFUSED @ https://cadmus.script.ac/d23sa75evsxrsv/script.js:0
[  163261ms] [ERROR] Failed to load resource: net::ERR_CONNECTION_REFUSED @ https://www.googletagservices.com/tag/js/gpt.js:0
[  163269ms] [ERROR] Failed to load resource: net::ERR_CONNECTION_REFUSED @ https://r.uuidksinc.net/match/1043602/:0
[  163271ms] [ERROR] Failed to load resource: net::ERR_CONNECTION_REFUSED @ https://htlbid.com/stage/v3/hltv.org/htlbid.js:0
[  163272ms] [ERROR] Failed to load resource: net::ERR_CONNECTION_REFUSED @ https://sdk.mrf.io/statics/marfeel-sdk.js?id=6703:0
[  163272ms] [ERROR] Failed to load resource: net::ERR_CONNECTION_REFUSED @ https://www.googletagmanager.com/gtag/js?id=G-525WEYQTV9:0
[  163272ms] [ERROR] Failed to load resource: net::ERR_CONNECTION_REFUSED @ https://www.google-analytics.com/analytics.js:0
[  163272ms] [ERROR] Failed to load resource: net::ERR_CONNECTION_REFUSED @ https://pj.l.liftdsp.com/admtracker.lib.min.js:0
[  163272ms] [ERROR] Failed to load resource: net::ERR_CONNECTION_REFUSED @ https://static.ads-twitter.com/uwt.js:0
[  163322ms] [ERROR] Failed to load resource: net::ERR_CONNECTION_REFUSED @ https://amplify.outbrain.com/cp/obtp.js:0
[  163323ms] [ERROR] Failed to load resource: net::ERR_CONNECTION_REFUSED @ https://sp.analytics.yahoo.com/sp.pl?a=10000&d=Thu%2C%2012%20Feb%202026%2004%3A34%3A43%20GMT&n=-1&b=Counter-Strike%20Ranking%20%7C%20World%20Ranking%20%7C%20HLTV.org&.yp=10135249&f=https%3A%2F%2Fwww.hltv.org%2Franking%2Fteams%2F2025%2Foctober%2F27&enc=UTF-8&gdpr=0&us_privacy=1---&yv=1.16.6:0
[  163683ms] [ERROR] Failed to load resource: net::ERR_CONNECTION_REFUSED @ https://static.cloudflareinsights.com/beacon.min.js/vcd15cbe7772f49c399c6a5babf22c1241717689176015:0
[  163785ms] [ERROR] Failed to load resource: net::ERR_CONNECTION_REFUSED @ https://imgsct.cookiebot.com/1.gif?dgi=e33407d2-0296-4168-a6fb-6e38ce5f1ffb:0
[  165254ms] [ERROR] Failed to load resource: net::ERR_CONNECTION_REFUSED @ https://intersc.igaming-service.io/hltv.org.js?ver=2026-2-12:0
[  168683ms] [WARNING] The resource https://www.googletagservices.com/tag/js/gpt.js was preloaded using link preload but not used within a few seconds from the window's load event. Please make sure it has an appropriate `as` value and it is preloaded intentionally. @ https://www.hltv.org/ranking/teams/2025/october/27:0
[  282845ms] [ERROR] Failed to load resource: net::ERR_CONNECTION_REFUSED @ https://cadmus.script.ac/d23sa75evsxrsv/script.js:0
[  282869ms] [ERROR] Failed to load resource: net::ERR_CONNECTION_REFUSED @ https://www.googletagservices.com/tag/js/gpt.js:0
[  282983ms] [ERROR] Failed to load resource: net::ERR_CONNECTION_REFUSED @ https://r.uuidksinc.net/match/1043602/:0
[  282991ms] [ERROR] Failed to load resource: net::ERR_CONNECTION_REFUSED @ https://sdk.mrf.io/statics/marfeel-sdk.js?id=6703:0
[  282991ms] [ERROR] Failed to load resource: net::ERR_CONNECTION_REFUSED @ https://htlbid.com/stage/v3/hltv.org/htlbid.js:0
[  282991ms] [ERROR] Failed to load resource: net::ERR_CONNECTION_REFUSED @ https://www.google-analytics.com/analytics.js:0
[  282991ms] [ERROR] Failed to load resource: net::ERR_CONNECTION_REFUSED @ https://www.googletagmanager.com/gtag/js?id=G-525WEYQTV9:0
[  283123ms] [ERROR] Failed to load resource: net::ERR_CONNECTION_REFUSED @ https://pj.l.liftdsp.com/admtracker.lib.min.js:0
[  283123ms] [ERROR] Failed to load resource: net::ERR_CONNECTION_REFUSED @ https://amplify.outbrain.com/cp/obtp.js:0
[  283123ms] [ERROR] Failed to load resource: net::ERR_CONNECTION_REFUSED @ https://static.ads-twitter.com/uwt.js:0
[  283246ms] [ERROR] Failed to load resource: net::ERR_CONNECTION_REFUSED @ https://sp.analytics.yahoo.com/sp.pl?a=10000&d=Thu%2C%2012%20Feb%202026%2004%3A36%3A43%20GMT&n=-1&b=Counter-Strike%20Ranking%20%7C%20World%20Ranking%20%7C%20HLTV.org&.yp=10135249&f=https%3A%2F%2Fwww.hltv.org%2Franking%2Fteams%2F2025%2Fnovember%2F3&enc=UTF-8&gdpr=0&us_privacy=1---&yv=1.16.6:0
[  283748ms] [ERROR] Failed to load resource: net::ERR_CONNECTION_REFUSED @ https://static.cloudflareinsights.com/beacon.min.js/vcd15cbe7772f49c399c6a5babf22c1241717689176015:0
[  283932ms] [ERROR] Failed to load resource: net::ERR_CONNECTION_REFUSED @ https://imgsct.cookiebot.com/1.gif?dgi=e33407d2-0296-4168-a6fb-6e38ce5f1ffb:0
[  284865ms] [ERROR] Failed to load resource: net::ERR_CONNECTION_REFUSED @ https://intersc.igaming-service.io/hltv.org.js?ver=2026-2-12:0
[  287257ms] [ERROR] Failed to load resource: net::ERR_CONNECTION_REFUSED @ https://cadmus.script.ac/d23sa75evsxrsv/script.js:0
[  287257ms] [ERROR] Failed to load resource: net::ERR_CONNECTION_REFUSED @ https://www.googletagservices.com/tag/js/gpt.js:0
[  287267ms] [ERROR] Failed to load resource: net::ERR_CONNECTION_REFUSED @ https://r.uuidksinc.net/match/1043602/:0
[  287270ms] [ERROR] Failed to load resource: net::ERR_CONNECTION_REFUSED @ https://htlbid.com/stage/v3/hltv.org/htlbid.js:0
[  287270ms] [ERROR] Failed to load resource: net::ERR_CONNECTION_REFUSED @ https://sdk.mrf.io/statics/marfeel-sdk.js?id=6703:0
[  287270ms] [ERROR] Failed to load resource: net::ERR_CONNECTION_REFUSED @ https://www.googletagmanager.com/gtag/js?id=G-525WEYQTV9:0
[  287270ms] [ERROR] Failed to load resource: net::ERR_CONNECTION_REFUSED @ https://www.google-analytics.com/analytics.js:0
[  287270ms] [ERROR] Failed to load resource: net::ERR_CONNECTION_REFUSED @ https://pj.l.liftdsp.com/admtracker.lib.min.js:0
[  287270ms] [ERROR] Failed to load resource: net::ERR_CONNECTION_REFUSED @ https://static.ads-twitter.com/uwt.js:0
[  287318ms] [ERROR] Failed to load resource: net::ERR_CONNECTION_REFUSED @ https://amplify.outbrain.com/cp/obtp.js:0
[  287320ms] [ERROR] Failed to load resource: net::ERR_CONNECTION_REFUSED @ https://sp.analytics.yahoo.com/sp.pl?a=10000&d=Thu%2C%2012%20Feb%202026%2004%3A36%3A47%20GMT&n=-1&b=Counter-Strike%20Ranking%20%7C%20World%20Ranking%20%7C%20HLTV.org&.yp=10135249&f=https%3A%2F%2Fwww.hltv.org%2Franking%2Fteams%2F2025%2Fnovember%2F10&enc=UTF-8&gdpr=0&us_privacy=1---&yv=1.16.6:0
[  287678ms] [ERROR] Failed to load resource: net::ERR_CONNECTION_REFUSED @ https://static.cloudflareinsights.com/beacon.min.js/vcd15cbe7772f49c399c6a5babf22c1241717689176015:0
[  287776ms] [ERROR] Failed to load resource: net::ERR_CONNECTION_REFUSED @ https://imgsct.cookiebot.com/1.gif?dgi=e33407d2-0296-4168-a6fb-6e38ce5f1ffb:0
[  289243ms] [ERROR] Failed to load resource: net::ERR_CONNECTION_REFUSED @ https://intersc.igaming-service.io/hltv.org.js?ver=2026-2-12:0
[  291611ms] [ERROR] Failed to load resource: net::ERR_CONNECTION_REFUSED @ https://cadmus.script.ac/d23sa75evsxrsv/script.js:0
[  291648ms] [ERROR] Failed to load resource: net::ERR_CONNECTION_REFUSED @ https://r.uuidksinc.net/match/1043602/:0
[  291648ms] [ERROR] Failed to load resource: net::ERR_CONNECTION_REFUSED @ https://www.googletagservices.com/tag/js/gpt.js:0
[  291652ms] [ERROR] Failed to load resource: net::ERR_CONNECTION_REFUSED @ https://sdk.mrf.io/statics/marfeel-sdk.js?id=6703:0
[  291652ms] [ERROR] Failed to load resource: net::ERR_CONNECTION_REFUSED @ https://htlbid.com/stage/v3/hltv.org/htlbid.js:0
[  291652ms] [ERROR] Failed to load resource: net::ERR_CONNECTION_REFUSED @ https://www.googletagmanager.com/gtag/js?id=G-525WEYQTV9:0
[  291652ms] [ERROR] Failed to load resource: net::ERR_CONNECTION_REFUSED @ https://www.google-analytics.com/analytics.js:0
[  291652ms] [ERROR] Failed to load resource: net::ERR_CONNECTION_REFUSED @ https://pj.l.liftdsp.com/admtracker.lib.min.js:0
[  291652ms] [ERROR] Failed to load resource: net::ERR_CONNECTION_REFUSED @ https://static.ads-twitter.com/uwt.js:0
[  291653ms] [ERROR] Failed to load resource: net::ERR_CONNECTION_REFUSED @ https://amplify.outbrain.com/cp/obtp.js:0
[  291703ms] [ERROR] Failed to load resource: net::ERR_CONNECTION_REFUSED @ https://sp.analytics.yahoo.com/sp.pl?a=10000&d=Thu%2C%2012%20Feb%202026%2004%3A36%3A52%20GMT&n=-1&b=Counter-Strike%20Ranking%20%7C%20World%20Ranking%20%7C%20HLTV.org&.yp=10135249&f=https%3A%2F%2Fwww.hltv.org%2Franking%2Fteams%2F2025%2Fnovember%2F17&enc=UTF-8&gdpr=0&us_privacy=1---&yv=1.16.6:0
[  292143ms] [ERROR] Failed to load resource: net::ERR_CONNECTION_REFUSED @ https://static.cloudflareinsights.com/beacon.min.js/vcd15cbe7772f49c399c6a5babf22c1241717689176015:0
[  292247ms] [ERROR] Failed to load resource: net::ERR_CONNECTION_REFUSED @ https://imgsct.cookiebot.com/1.gif?dgi=e33407d2-0296-4168-a6fb-6e38ce5f1ffb:0
[  293624ms] [ERROR] Failed to load resource: net::ERR_CONNECTION_REFUSED @ https://intersc.igaming-service.io/hltv.org.js?ver=2026-2-12:0
[  295932ms] [ERROR] Failed to load resource: net::ERR_CONNECTION_REFUSED @ https://cadmus.script.ac/d23sa75evsxrsv/script.js:0
[  295932ms] [ERROR] Failed to load resource: net::ERR_CONNECTION_REFUSED @ https://www.googletagservices.com/tag/js/gpt.js:0
[  295935ms] [ERROR] Failed to load resource: net::ERR_CONNECTION_REFUSED @ https://r.uuidksinc.net/match/1043602/:0
[  295945ms] [ERROR] Failed to load resource: net::ERR_CONNECTION_REFUSED @ https://htlbid.com/stage/v3/hltv.org/htlbid.js:0
[  295946ms] [ERROR] Failed to load resource: net::ERR_CONNECTION_REFUSED @ https://sdk.mrf.io/statics/marfeel-sdk.js?id=6703:0
[  295946ms] [ERROR] Failed to load resource: net::ERR_CONNECTION_REFUSED @ https://www.googletagmanager.com/gtag/js?id=G-525WEYQTV9:0
[  295946ms] [ERROR] Failed to load resource: net::ERR_CONNECTION_REFUSED @ https://www.google-analytics.com/analytics.js:0
[  295946ms] [ERROR] Failed to load resource: net::ERR_CONNECTION_REFUSED @ https://pj.l.liftdsp.com/admtracker.lib.min.js:0
[  295946ms] [ERROR] Failed to load resource: net::ERR_CONNECTION_REFUSED @ https://static.ads-twitter.com/uwt.js:0
[  295995ms] [ERROR] Failed to load resource: net::ERR_CONNECTION_REFUSED @ https://amplify.outbrain.com/cp/obtp.js:0
[  295997ms] [ERROR] Failed to load resource: net::ERR_CONNECTION_REFUSED @ https://sp.analytics.yahoo.com/sp.pl?a=10000&d=Thu%2C%2012%20Feb%202026%2004%3A36%3A56%20GMT&n=-1&b=Counter-Strike%20Ranking%20%7C%20World%20Ranking%20%7C%20HLTV.org&.yp=10135249&f=https%3A%2F%2Fwww.hltv.org%2Franking%2Fteams%2F2025%2Fnovember%2F24&enc=UTF-8&gdpr=0&us_privacy=1---&yv=1.16.6:0
[  296352ms] [ERROR] Failed to load resource: net::ERR_CONNECTION_REFUSED @ https://static.cloudflareinsights.com/beacon.min.js/vcd15cbe7772f49c399c6a5babf22c1241717689176015:0
[  296473ms] [ERROR] Failed to load resource: net::ERR_CONNECTION_REFUSED @ https://imgsct.cookiebot.com/1.gif?dgi=e33407d2-0296-4168-a6fb-6e38ce5f1ffb:0
[  297916ms] [ERROR] Failed to load resource: net::ERR_CONNECTION_REFUSED @ https://intersc.igaming-service.io/hltv.org.js?ver=2026-2-12:0
[  300119ms] [ERROR] Failed to load resource: net::ERR_CONNECTION_REFUSED @ https://cadmus.script.ac/d23sa75evsxrsv/script.js:0
[  300119ms] [ERROR] Failed to load resource: net::ERR_CONNECTION_REFUSED @ https://www.googletagservices.com/tag/js/gpt.js:0
[  300127ms] [ERROR] Failed to load resource: net::ERR_CONNECTION_REFUSED @ https://r.uuidksinc.net/match/1043602/:0
[  300130ms] [ERROR] Failed to load resource: net::ERR_CONNECTION_REFUSED @ https://htlbid.com/stage/v3/hltv.org/htlbid.js:0
[  300130ms] [ERROR] Failed to load resource: net::ERR_CONNECTION_REFUSED @ https://sdk.mrf.io/statics/marfeel-sdk.js?id=6703:0
[  300130ms] [ERROR] Failed to load resource: net::ERR_CONNECTION_REFUSED @ https://www.googletagmanager.com/gtag/js?id=G-525WEYQTV9:0
[  300130ms] [ERROR] Failed to load resource: net::ERR_CONNECTION_REFUSED @ https://www.google-analytics.com/analytics.js:0
[  300130ms] [ERROR] Failed to load resource: net::ERR_CONNECTION_REFUSED @ https://pj.l.liftdsp.com/admtracker.lib.min.js:0
[  300130ms] [ERROR] Failed to load resource: net::ERR_CONNECTION_REFUSED @ https://static.ads-twitter.com/uwt.js:0
[  300178ms] [ERROR] Failed to load resource: net::ERR_CONNECTION_REFUSED @ https://amplify.outbrain.com/cp/obtp.js:0
[  300179ms] [ERROR] Failed to load resource: net::ERR_CONNECTION_REFUSED @ https://sp.analytics.yahoo.com/sp.pl?a=10000&d=Thu%2C%2012%20Feb%202026%2004%3A37%3A00%20GMT&n=-1&b=Counter-Strike%20Ranking%20%7C%20World%20Ranking%20%7C%20HLTV.org&.yp=10135249&f=https%3A%2F%2Fwww.hltv.org%2Franking%2Fteams%2F2025%2Fdecember%2F1&enc=UTF-8&gdpr=0&us_privacy=1---&yv=1.16.6:0
[  300535ms] [ERROR] Failed to load resource: net::ERR_CONNECTION_REFUSED @ https://static.cloudflareinsights.com/beacon.min.js/vcd15cbe7772f49c399c6a5babf22c1241717689176015:0
[  300608ms] [ERROR] Failed to load resource: net::ERR_CONNECTION_REFUSED @ https://imgsct.cookiebot.com/1.gif?dgi=e33407d2-0296-4168-a6fb-6e38ce5f1ffb:0
[  302109ms] [ERROR] Failed to load resource: net::ERR_CONNECTION_REFUSED @ https://intersc.igaming-service.io/hltv.org.js?ver=2026-2-12:0
[  305540ms] [WARNING] The resource https://www.googletagservices.com/tag/js/gpt.js was preloaded using link preload but not used within a few seconds from the window's load event. Please make sure it has an appropriate `as` value and it is preloaded intentionally. @ https://www.hltv.org/ranking/teams/2025/december/1:0
[  322082ms] [ERROR] Failed to load resource: net::ERR_CONNECTION_REFUSED @ https://cadmus.script.ac/d23sa75evsxrsv/script.js:0
[  322082ms] [ERROR] Failed to load resource: net::ERR_CONNECTION_REFUSED @ https://www.googletagservices.com/tag/js/gpt.js:0
[  322098ms] [ERROR] Failed to load resource: net::ERR_CONNECTION_REFUSED @ https://htlbid.com/stage/v3/hltv.org/htlbid.js:0
[  322112ms] [ERROR] Failed to load resource: net::ERR_CONNECTION_REFUSED @ https://www.googletagmanager.com/gtag/js?id=G-525WEYQTV9:0
[  322114ms] [ERROR] Failed to load resource: net::ERR_CONNECTION_REFUSED @ https://r.uuidksinc.net/match/1043602/:0
[  322122ms] [ERROR] Failed to load resource: net::ERR_CONNECTION_REFUSED @ https://sdk.mrf.io/statics/marfeel-sdk.js?id=6703:0
[  322122ms] [ERROR] Failed to load resource: net::ERR_CONNECTION_REFUSED @ https://www.google-analytics.com/analytics.js:0
[  322122ms] [ERROR] Failed to load resource: net::ERR_CONNECTION_REFUSED @ https://pj.l.liftdsp.com/admtracker.lib.min.js:0
[  322122ms] [ERROR] Failed to load resource: net::ERR_CONNECTION_REFUSED @ https://static.ads-twitter.com/uwt.js:0
[  322125ms] [ERROR] Failed to load resource: net::ERR_CONNECTION_REFUSED @ https://amplify.outbrain.com/cp/obtp.js:0
[  322180ms] [ERROR] Failed to load resource: net::ERR_CONNECTION_REFUSED @ https://sp.analytics.yahoo.com/sp.pl?a=10000&d=Thu%2C%2012%20Feb%202026%2004%3A37%3A22%20GMT&n=-1&b=Counter-Strike%20Ranking%20%7C%20World%20Ranking%20%7C%20HLTV.org&.yp=10135249&f=https%3A%2F%2Fwww.hltv.org%2Franking%2Fteams%2F2025%2Fdecember%2F8&enc=UTF-8&gdpr=0&us_privacy=1---&yv=1.16.6:0
[  322520ms] [ERROR] Failed to load resource: net::ERR_CONNECTION_REFUSED @ https://static.cloudflareinsights.com/beacon.min.js/vcd15cbe7772f49c399c6a5babf22c1241717689176015:0
[  322625ms] [ERROR] Failed to load resource: net::ERR_CONNECTION_REFUSED @ https://imgsct.cookiebot.com/1.gif?dgi=e33407d2-0296-4168-a6fb-6e38ce5f1ffb:0
[  324088ms] [ERROR] Failed to load resource: net::ERR_CONNECTION_REFUSED @ https://intersc.igaming-service.io/hltv.org.js?ver=2026-2-12:0
[  326389ms] [ERROR] Failed to load resource: net::ERR_CONNECTION_REFUSED @ https://cadmus.script.ac/d23sa75evsxrsv/script.js:0
[  326389ms] [ERROR] Failed to load resource: net::ERR_CONNECTION_REFUSED @ https://www.googletagservices.com/tag/js/gpt.js:0
[  326399ms] [ERROR] Failed to load resource: net::ERR_CONNECTION_REFUSED @ https://r.uuidksinc.net/match/1043602/:0
[  326401ms] [ERROR] Failed to load resource: net::ERR_CONNECTION_REFUSED @ https://htlbid.com/stage/v3/hltv.org/htlbid.js:0
[  326402ms] [ERROR] Failed to load resource: net::ERR_CONNECTION_REFUSED @ https://sdk.mrf.io/statics/marfeel-sdk.js?id=6703:0
[  326402ms] [ERROR] Failed to load resource: net::ERR_CONNECTION_REFUSED @ https://www.googletagmanager.com/gtag/js?id=G-525WEYQTV9:0
[  326402ms] [ERROR] Failed to load resource: net::ERR_CONNECTION_REFUSED @ https://www.google-analytics.com/analytics.js:0
[  326402ms] [ERROR] Failed to load resource: net::ERR_CONNECTION_REFUSED @ https://pj.l.liftdsp.com/admtracker.lib.min.js:0
[  326402ms] [ERROR] Failed to load resource: net::ERR_CONNECTION_REFUSED @ https://static.ads-twitter.com/uwt.js:0
[  326455ms] [ERROR] Failed to load resource: net::ERR_CONNECTION_REFUSED @ https://amplify.outbrain.com/cp/obtp.js:0
[  326456ms] [ERROR] Failed to load resource: net::ERR_CONNECTION_REFUSED @ https://sp.analytics.yahoo.com/sp.pl?a=10000&d=Thu%2C%2012%20Feb%202026%2004%3A37%3A26%20GMT&n=-1&b=Counter-Strike%20Ranking%20%7C%20World%20Ranking%20%7C%20HLTV.org&.yp=10135249&f=https%3A%2F%2Fwww.hltv.org%2Franking%2Fteams%2F2025%2Fdecember%2F15&enc=UTF-8&gdpr=0&us_privacy=1---&yv=1.16.6:0
[  326939ms] [ERROR] Failed to load resource: net::ERR_CONNECTION_REFUSED @ https://static.cloudflareinsights.com/beacon.min.js/vcd15cbe7772f49c399c6a5babf22c1241717689176015:0
[  326985ms] [ERROR] Failed to load resource: net::ERR_CONNECTION_REFUSED @ https://imgsct.cookiebot.com/1.gif?dgi=e33407d2-0296-4168-a6fb-6e38ce5f1ffb:0
[  328370ms] [ERROR] Failed to load resource: net::ERR_CONNECTION_REFUSED @ https://intersc.igaming-service.io/hltv.org.js?ver=2026-2-12:0
[  330719ms] [ERROR] Failed to load resource: net::ERR_CONNECTION_REFUSED @ https://cadmus.script.ac/d23sa75evsxrsv/script.js:0
[  330719ms] [ERROR] Failed to load resource: net::ERR_CONNECTION_REFUSED @ https://www.googletagservices.com/tag/js/gpt.js:0
[  330721ms] [ERROR] Failed to load resource: net::ERR_CONNECTION_REFUSED @ https://r.uuidksinc.net/match/1043602/:0
[  330732ms] [ERROR] Failed to load resource: net::ERR_CONNECTION_REFUSED @ https://htlbid.com/stage/v3/hltv.org/htlbid.js:0
[  330732ms] [ERROR] Failed to load resource: net::ERR_CONNECTION_REFUSED @ https://sdk.mrf.io/statics/marfeel-sdk.js?id=6703:0
[  330732ms] [ERROR] Failed to load resource: net::ERR_CONNECTION_REFUSED @ https://www.googletagmanager.com/gtag/js?id=G-525WEYQTV9:0
[  330732ms] [ERROR] Failed to load resource: net::ERR_CONNECTION_REFUSED @ https://www.google-analytics.com/analytics.js:0
[  330732ms] [ERROR] Failed to load resource: net::ERR_CONNECTION_REFUSED @ https://pj.l.liftdsp.com/admtracker.lib.min.js:0
[  330732ms] [ERROR] Failed to load resource: net::ERR_CONNECTION_REFUSED @ https://static.ads-twitter.com/uwt.js:0
[  330783ms] [ERROR] Failed to load resource: net::ERR_CONNECTION_REFUSED @ https://amplify.outbrain.com/cp/obtp.js:0
[  330786ms] [ERROR] Failed to load resource: net::ERR_CONNECTION_REFUSED @ https://sp.analytics.yahoo.com/sp.pl?a=10000&d=Thu%2C%2012%20Feb%202026%2004%3A37%3A31%20GMT&n=-1&b=Counter-Strike%20Ranking%20%7C%20World%20Ranking%20%7C%20HLTV.org&.yp=10135249&f=https%3A%2F%2Fwww.hltv.org%2Franking%2Fteams%2F2025%2Fdecember%2F22&enc=UTF-8&gdpr=0&us_privacy=1---&yv=1.16.6:0
[  331135ms] [ERROR] Failed to load resource: net::ERR_CONNECTION_REFUSED @ https://static.cloudflareinsights.com/beacon.min.js/vcd15cbe7772f49c399c6a5babf22c1241717689176015:0
[  331189ms] [ERROR] Failed to load resource: net::ERR_CONNECTION_REFUSED @ https://imgsct.cookiebot.com/1.gif?dgi=e33407d2-0296-4168-a6fb-6e38ce5f1ffb:0
[  332705ms] [ERROR] Failed to load resource: net::ERR_CONNECTION_REFUSED @ https://intersc.igaming-service.io/hltv.org.js?ver=2026-2-12:0
[  334889ms] [ERROR] Failed to load resource: net::ERR_CONNECTION_REFUSED @ https://cadmus.script.ac/d23sa75evsxrsv/script.js:0
[  334889ms] [ERROR] Failed to load resource: net::ERR_CONNECTION_REFUSED @ https://www.googletagservices.com/tag/js/gpt.js:0
[  334898ms] [ERROR] Failed to load resource: net::ERR_CONNECTION_REFUSED @ https://r.uuidksinc.net/match/1043602/:0
[  334901ms] [ERROR] Failed to load resource: net::ERR_CONNECTION_REFUSED @ https://htlbid.com/stage/v3/hltv.org/htlbid.js:0
[  334901ms] [ERROR] Failed to load resource: net::ERR_CONNECTION_REFUSED @ https://sdk.mrf.io/statics/marfeel-sdk.js?id=6703:0
[  334901ms] [ERROR] Failed to load resource: net::ERR_CONNECTION_REFUSED @ https://www.googletagmanager.com/gtag/js?id=G-525WEYQTV9:0
[  334901ms] [ERROR] Failed to load resource: net::ERR_CONNECTION_REFUSED @ https://www.google-analytics.com/analytics.js:0
[  334901ms] [ERROR] Failed to load resource: net::ERR_CONNECTION_REFUSED @ https://pj.l.liftdsp.com/admtracker.lib.min.js:0
[  334901ms] [ERROR] Failed to load resource: net::ERR_CONNECTION_REFUSED @ https://static.ads-twitter.com/uwt.js:0
[  334953ms] [ERROR] Failed to load resource: net::ERR_CONNECTION_REFUSED @ https://amplify.outbrain.com/cp/obtp.js:0
[  334955ms] [ERROR] Failed to load resource: net::ERR_CONNECTION_REFUSED @ https://sp.analytics.yahoo.com/sp.pl?a=10000&d=Thu%2C%2012%20Feb%202026%2004%3A37%3A35%20GMT&n=-1&b=Counter-Strike%20Ranking%20%7C%20World%20Ranking%20%7C%20HLTV.org&.yp=10135249&f=https%3A%2F%2Fwww.hltv.org%2Franking%2Fteams%2F2025%2Fdecember%2F29&enc=UTF-8&gdpr=0&us_privacy=1---&yv=1.16.6:0
[  335303ms] [ERROR] Failed to load resource: net::ERR_CONNECTION_REFUSED @ https://static.cloudflareinsights.com/beacon.min.js/vcd15cbe7772f49c399c6a5babf22c1241717689176015:0
[  335362ms] [ERROR] Failed to load resource: net::ERR_CONNECTION_REFUSED @ https://imgsct.cookiebot.com/1.gif?dgi=e33407d2-0296-4168-a6fb-6e38ce5f1ffb:0
[  336873ms] [ERROR] Failed to load resource: net::ERR_CONNECTION_REFUSED @ https://intersc.igaming-service.io/hltv.org.js?ver=2026-2-12:0
[  339052ms] [ERROR] Failed to load resource: net::ERR_CONNECTION_REFUSED @ https://cadmus.script.ac/d23sa75evsxrsv/script.js:0
[  339052ms] [ERROR] Failed to load resource: net::ERR_CONNECTION_REFUSED @ https://www.googletagservices.com/tag/js/gpt.js:0
[  339060ms] [ERROR] Failed to load resource: net::ERR_CONNECTION_REFUSED @ https://r.uuidksinc.net/match/1043602/:0
[  339063ms] [ERROR] Failed to load resource: net::ERR_CONNECTION_REFUSED @ https://htlbid.com/stage/v3/hltv.org/htlbid.js:0
[  339064ms] [ERROR] Failed to load resource: net::ERR_CONNECTION_REFUSED @ https://sdk.mrf.io/statics/marfeel-sdk.js?id=6703:0
[  339064ms] [ERROR] Failed to load resource: net::ERR_CONNECTION_REFUSED @ https://www.googletagmanager.com/gtag/js?id=G-525WEYQTV9:0
[  339064ms] [ERROR] Failed to load resource: net::ERR_CONNECTION_REFUSED @ https://www.google-analytics.com/analytics.js:0
[  339064ms] [ERROR] Failed to load resource: net::ERR_CONNECTION_REFUSED @ https://pj.l.liftdsp.com/admtracker.lib.min.js:0
[  339064ms] [ERROR] Failed to load resource: net::ERR_CONNECTION_REFUSED @ https://static.ads-twitter.com/uwt.js:0
[  339116ms] [ERROR] Failed to load resource: net::ERR_CONNECTION_REFUSED @ https://amplify.outbrain.com/cp/obtp.js:0
[  339118ms] [ERROR] Failed to load resource: net::ERR_CONNECTION_REFUSED @ https://sp.analytics.yahoo.com/sp.pl?a=10000&d=Thu%2C%2012%20Feb%202026%2004%3A37%3A39%20GMT&n=-1&b=Counter-Strike%20Ranking%20%7C%20World%20Ranking%20%7C%20HLTV.org&.yp=10135249&f=https%3A%2F%2Fwww.hltv.org%2Franking%2Fteams%2F2026%2Fjanuary%2F5&enc=UTF-8&gdpr=0&us_privacy=1---&yv=1.16.6:0
[  339474ms] [ERROR] Failed to load resource: net::ERR_CONNECTION_REFUSED @ https://static.cloudflareinsights.com/beacon.min.js/vcd15cbe7772f49c399c6a5babf22c1241717689176015:0
[  339521ms] [ERROR] Failed to load resource: net::ERR_CONNECTION_REFUSED @ https://imgsct.cookiebot.com/1.gif?dgi=e33407d2-0296-4168-a6fb-6e38ce5f1ffb:0
[  341039ms] [ERROR] Failed to load resource: net::ERR_CONNECTION_REFUSED @ https://intersc.igaming-service.io/hltv.org.js?ver=2026-2-12:0
[  344466ms] [WARNING] The resource https://www.googletagservices.com/tag/js/gpt.js was preloaded using link preload but not used within a few seconds from the window's load event. Please make sure it has an appropriate `as` value and it is preloaded intentionally. @ https://www.hltv.org/ranking/teams/2026/january/5:0
[  356433ms] [ERROR] Failed to load resource: net::ERR_CONNECTION_REFUSED @ https://cadmus.script.ac/d23sa75evsxrsv/script.js:0
[  356433ms] [ERROR] Failed to load resource: net::ERR_CONNECTION_REFUSED @ https://www.googletagservices.com/tag/js/gpt.js:0
[  356568ms] [ERROR] Failed to load resource: net::ERR_CONNECTION_REFUSED @ https://r.uuidksinc.net/match/1043602/:0
[  356576ms] [ERROR] Failed to load resource: net::ERR_CONNECTION_REFUSED @ https://htlbid.com/stage/v3/hltv.org/htlbid.js:0
[  356576ms] [ERROR] Failed to load resource: net::ERR_CONNECTION_REFUSED @ https://sdk.mrf.io/statics/marfeel-sdk.js?id=6703:0
[  356576ms] [ERROR] Failed to load resource: net::ERR_CONNECTION_REFUSED @ https://www.googletagmanager.com/gtag/js?id=G-525WEYQTV9:0
[  356576ms] [ERROR] Failed to load resource: net::ERR_CONNECTION_REFUSED @ https://www.google-analytics.com/analytics.js:0
[  356705ms] [ERROR] Failed to load resource: net::ERR_CONNECTION_REFUSED @ https://pj.l.liftdsp.com/admtracker.lib.min.js:0
[  356705ms] [ERROR] Failed to load resource: net::ERR_CONNECTION_REFUSED @ https://static.ads-twitter.com/uwt.js:0
[  356716ms] [ERROR] Failed to load resource: net::ERR_CONNECTION_REFUSED @ https://amplify.outbrain.com/cp/obtp.js:0
[  356826ms] [ERROR] Failed to load resource: net::ERR_CONNECTION_REFUSED @ https://sp.analytics.yahoo.com/sp.pl?a=10000&d=Thu%2C%2012%20Feb%202026%2004%3A37%3A56%20GMT&n=-1&b=Counter-Strike%20Ranking%20%7C%20World%20Ranking%20%7C%20HLTV.org&.yp=10135249&f=https%3A%2F%2Fwww.hltv.org%2Franking%2Fteams%2F2026%2Fjanuary%2F12&enc=UTF-8&gdpr=0&us_privacy=1---&yv=1.16.6:0
[  356861ms] [ERROR] Failed to load resource: net::ERR_CONNECTION_REFUSED @ https://static.cloudflareinsights.com/beacon.min.js/vcd15cbe7772f49c399c6a5babf22c1241717689176015:0
[  357176ms] [ERROR] Failed to load resource: net::ERR_CONNECTION_REFUSED @ https://imgsct.cookiebot.com/1.gif?dgi=e33407d2-0296-4168-a6fb-6e38ce5f1ffb:0
[  358457ms] [ERROR] Failed to load resource: net::ERR_CONNECTION_REFUSED @ https://intersc.igaming-service.io/hltv.org.js?ver=2026-2-12:0
[  360660ms] [ERROR] Failed to load resource: net::ERR_CONNECTION_REFUSED @ https://cadmus.script.ac/d23sa75evsxrsv/script.js:0
[  360660ms] [ERROR] Failed to load resource: net::ERR_CONNECTION_REFUSED @ https://www.googletagservices.com/tag/js/gpt.js:0
[  360669ms] [ERROR] Failed to load resource: net::ERR_CONNECTION_REFUSED @ https://r.uuidksinc.net/match/1043602/:0
[  360672ms] [ERROR] Failed to load resource: net::ERR_CONNECTION_REFUSED @ https://htlbid.com/stage/v3/hltv.org/htlbid.js:0
[  360672ms] [ERROR] Failed to load resource: net::ERR_CONNECTION_REFUSED @ https://sdk.mrf.io/statics/marfeel-sdk.js?id=6703:0
[  360672ms] [ERROR] Failed to load resource: net::ERR_CONNECTION_REFUSED @ https://www.googletagmanager.com/gtag/js?id=G-525WEYQTV9:0
[  360672ms] [ERROR] Failed to load resource: net::ERR_CONNECTION_REFUSED @ https://www.google-analytics.com/analytics.js:0
[  360672ms] [ERROR] Failed to load resource: net::ERR_CONNECTION_REFUSED @ https://pj.l.liftdsp.com/admtracker.lib.min.js:0
[  360672ms] [ERROR] Failed to load resource: net::ERR_CONNECTION_REFUSED @ https://static.ads-twitter.com/uwt.js:0
[  360722ms] [ERROR] Failed to load resource: net::ERR_CONNECTION_REFUSED @ https://amplify.outbrain.com/cp/obtp.js:0
[  360726ms] [ERROR] Failed to load resource: net::ERR_CONNECTION_REFUSED @ https://sp.analytics.yahoo.com/sp.pl?a=10000&d=Thu%2C%2012%20Feb%202026%2004%3A38%3A01%20GMT&n=-1&b=Counter-Strike%20Ranking%20%7C%20World%20Ranking%20%7C%20HLTV.org&.yp=10135249&f=https%3A%2F%2Fwww.hltv.org%2Franking%2Fteams%2F2026%2Fjanuary%2F19&enc=UTF-8&gdpr=0&us_privacy=1---&yv=1.16.6:0
[  361317ms] [ERROR] Failed to load resource: net::ERR_CONNECTION_REFUSED @ https://static.cloudflareinsights.com/beacon.min.js/vcd15cbe7772f49c399c6a5babf22c1241717689176015:0
[  361375ms] [ERROR] Failed to load resource: net::ERR_CONNECTION_REFUSED @ https://imgsct.cookiebot.com/1.gif?dgi=e33407d2-0296-4168-a6fb-6e38ce5f1ffb:0
[  362645ms] [ERROR] Failed to load resource: net::ERR_CONNECTION_REFUSED @ https://intersc.igaming-service.io/hltv.org.js?ver=2026-2-12:0
[  365120ms] [ERROR] Failed to load resource: net::ERR_CONNECTION_REFUSED @ https://cadmus.script.ac/d23sa75evsxrsv/script.js:0
[  365120ms] [ERROR] Failed to load resource: net::ERR_CONNECTION_REFUSED @ https://www.googletagservices.com/tag/js/gpt.js:0
[  365128ms] [ERROR] Failed to load resource: net::ERR_CONNECTION_REFUSED @ https://r.uuidksinc.net/match/1043602/:0
[  365131ms] [ERROR] Failed to load resource: net::ERR_CONNECTION_REFUSED @ https://htlbid.com/stage/v3/hltv.org/htlbid.js:0
[  365131ms] [ERROR] Failed to load resource: net::ERR_CONNECTION_REFUSED @ https://sdk.mrf.io/statics/marfeel-sdk.js?id=6703:0
[  365131ms] [ERROR] Failed to load resource: net::ERR_CONNECTION_REFUSED @ https://www.googletagmanager.com/gtag/js?id=G-525WEYQTV9:0
[  365131ms] [ERROR] Failed to load resource: net::ERR_CONNECTION_REFUSED @ https://www.google-analytics.com/analytics.js:0
[  365131ms] [ERROR] Failed to load resource: net::ERR_CONNECTION_REFUSED @ https://pj.l.liftdsp.com/admtracker.lib.min.js:0
[  365131ms] [ERROR] Failed to load resource: net::ERR_CONNECTION_REFUSED @ https://static.ads-twitter.com/uwt.js:0
[  365178ms] [ERROR] Failed to load resource: net::ERR_CONNECTION_REFUSED @ https://amplify.outbrain.com/cp/obtp.js:0
[  365179ms] [ERROR] Failed to load resource: net::ERR_CONNECTION_REFUSED @ https://sp.analytics.yahoo.com/sp.pl?a=10000&d=Thu%2C%2012%20Feb%202026%2004%3A38%3A05%20GMT&n=-1&b=Counter-Strike%20Ranking%20%7C%20World%20Ranking%20%7C%20HLTV.org&.yp=10135249&f=https%3A%2F%2Fwww.hltv.org%2Franking%2Fteams%2F2026%2Fjanuary%2F26&enc=UTF-8&gdpr=0&us_privacy=1---&yv=1.16.6:0
[  365541ms] [ERROR] Failed to load resource: net::ERR_CONNECTION_REFUSED @ https://static.cloudflareinsights.com/beacon.min.js/vcd15cbe7772f49c399c6a5babf22c1241717689176015:0
[  365584ms] [ERROR] Failed to load resource: net::ERR_CONNECTION_REFUSED @ https://imgsct.cookiebot.com/1.gif?dgi=e33407d2-0296-4168-a6fb-6e38ce5f1ffb:0
[  367113ms] [ERROR] Failed to load resource: net::ERR_CONNECTION_REFUSED @ https://intersc.igaming-service.io/hltv.org.js?ver=2026-2-12:0
[  369319ms] [ERROR] Failed to load resource: net::ERR_CONNECTION_REFUSED @ https://cadmus.script.ac/d23sa75evsxrsv/script.js:0
[  369319ms] [ERROR] Failed to load resource: net::ERR_CONNECTION_REFUSED @ https://www.googletagservices.com/tag/js/gpt.js:0
[  369328ms] [ERROR] Failed to load resource: net::ERR_CONNECTION_REFUSED @ https://r.uuidksinc.net/match/1043602/:0
[  369330ms] [ERROR] Failed to load resource: net::ERR_CONNECTION_REFUSED @ https://htlbid.com/stage/v3/hltv.org/htlbid.js:0
[  369331ms] [ERROR] Failed to load resource: net::ERR_CONNECTION_REFUSED @ https://sdk.mrf.io/statics/marfeel-sdk.js?id=6703:0
[  369331ms] [ERROR] Failed to load resource: net::ERR_CONNECTION_REFUSED @ https://www.googletagmanager.com/gtag/js?id=G-525WEYQTV9:0
[  369331ms] [ERROR] Failed to load resource: net::ERR_CONNECTION_REFUSED @ https://www.google-analytics.com/analytics.js:0
[  369331ms] [ERROR] Failed to load resource: net::ERR_CONNECTION_REFUSED @ https://pj.l.liftdsp.com/admtracker.lib.min.js:0
[  369331ms] [ERROR] Failed to load resource: net::ERR_CONNECTION_REFUSED @ https://static.ads-twitter.com/uwt.js:0
[  369381ms] [ERROR] Failed to load resource: net::ERR_CONNECTION_REFUSED @ https://amplify.outbrain.com/cp/obtp.js:0
[  369382ms] [ERROR] Failed to load resource: net::ERR_CONNECTION_REFUSED @ https://sp.analytics.yahoo.com/sp.pl?a=10000&d=Thu%2C%2012%20Feb%202026%2004%3A38%3A09%20GMT&n=-1&b=Counter-Strike%20Ranking%20%7C%20World%20Ranking%20%7C%20HLTV.org&.yp=10135249&f=https%3A%2F%2Fwww.hltv.org%2Franking%2Fteams%2F2026%2Ffebruary%2F2&enc=UTF-8&gdpr=0&us_privacy=1---&yv=1.16.6:0
[  369755ms] [ERROR] Failed to load resource: net::ERR_CONNECTION_REFUSED @ https://static.cloudflareinsights.com/beacon.min.js/vcd15cbe7772f49c399c6a5babf22c1241717689176015:0
[  369805ms] [ERROR] Failed to load resource: net::ERR_CONNECTION_REFUSED @ https://imgsct.cookiebot.com/1.gif?dgi=e33407d2-0296-4168-a6fb-6e38ce5f1ffb:0
[  371304ms] [ERROR] Failed to load resource: net::ERR_CONNECTION_REFUSED @ https://intersc.igaming-service.io/hltv.org.js?ver=2026-2-12:0
[  373519ms] [ERROR] Failed to load resource: net::ERR_CONNECTION_REFUSED @ https://cadmus.script.ac/d23sa75evsxrsv/script.js:0
[  373519ms] [ERROR] Failed to load resource: net::ERR_CONNECTION_REFUSED @ https://www.googletagservices.com/tag/js/gpt.js:0
[  373529ms] [ERROR] Failed to load resource: net::ERR_CONNECTION_REFUSED @ https://r.uuidksinc.net/match/1043602/:0
[  373532ms] [ERROR] Failed to load resource: net::ERR_CONNECTION_REFUSED @ https://htlbid.com/stage/v3/hltv.org/htlbid.js:0
[  373532ms] [ERROR] Failed to load resource: net::ERR_CONNECTION_REFUSED @ https://sdk.mrf.io/statics/marfeel-sdk.js?id=6703:0
[  373532ms] [ERROR] Failed to load resource: net::ERR_CONNECTION_REFUSED @ https://www.googletagmanager.com/gtag/js?id=G-525WEYQTV9:0
[  373532ms] [ERROR] Failed to load resource: net::ERR_CONNECTION_REFUSED @ https://www.google-analytics.com/analytics.js:0
[  373532ms] [ERROR] Failed to load resource: net::ERR_CONNECTION_REFUSED @ https://pj.l.liftdsp.com/admtracker.lib.min.js:0
[  373532ms] [ERROR] Failed to load resource: net::ERR_CONNECTION_REFUSED @ https://static.ads-twitter.com/uwt.js:0
[  373585ms] [ERROR] Failed to load resource: net::ERR_CONNECTION_REFUSED @ https://amplify.outbrain.com/cp/obtp.js:0
[  373587ms] [ERROR] Failed to load resource: net::ERR_CONNECTION_REFUSED @ https://sp.analytics.yahoo.com/sp.pl?a=10000&d=Thu%2C%2012%20Feb%202026%2004%3A38%3A13%20GMT&n=-1&b=Counter-Strike%20Ranking%20%7C%20World%20Ranking%20%7C%20HLTV.org&.yp=10135249&f=https%3A%2F%2Fwww.hltv.org%2Franking%2Fteams%2F2026%2Ffebruary%2F9&enc=UTF-8&gdpr=0&us_privacy=1---&yv=1.16.6:0
[  373835ms] [ERROR] Failed to load resource: net::ERR_CONNECTION_REFUSED @ https://static.cloudflareinsights.com/beacon.min.js/vcd15cbe7772f49c399c6a5babf22c1241717689176015:0
[  374000ms] [ERROR] Failed to load resource: net::ERR_CONNECTION_REFUSED @ https://imgsct.cookiebot.com/1.gif?dgi=e33407d2-0296-4168-a6fb-6e38ce5f1ffb:0
[  375500ms] [ERROR] Failed to load resource: net::ERR_CONNECTION_REFUSED @ https://intersc.igaming-service.io/hltv.org.js?ver=2026-2-12:0
[  378832ms] [WARNING] The resource https://www.googletagservices.com/tag/js/gpt.js was preloaded using link preload but not used within a few seconds from the window's load event. Please make sure it has an appropriate `as` value and it is preloaded intentionally. @ https://www.hltv.org/ranking/teams/2026/february/9:0
