[     910ms] [ERROR] Failed to load resource: net::ERR_CONNECTION_REFUSED @ https://www.googletagservices.com/tag/js/gpt.js:0
[     910ms] [ERROR] Failed to load resource: net::ERR_CONNECTION_REFUSED @ https://cadmus.script.ac/d23sa75evsxrsv/script.js:0
[    1048ms] [ERROR] Failed to load resource: net::ERR_CONNECTION_REFUSED @ https://r.uuidksinc.net/match/1043602/:0
[    1048ms] [ERROR] Failed to load resource: net::ERR_CONNECTION_REFUSED @ https://sdk.mrf.io/statics/marfeel-sdk.js?id=6703:0
[    1052ms] [ERROR] Failed to load resource: net::ERR_CONNECTION_REFUSED @ https://htlbid.com/stage/v3/hltv.org/htlbid.js:0
[    1052ms] [ERROR] Failed to load resource: net::ERR_CONNECTION_REFUSED @ https://www.googletagmanager.com/gtag/js?id=G-525WEYQTV9:0
[    1052ms] [ERROR] Failed to load resource: net::ERR_CONNECTION_REFUSED @ https://www.google-analytics.com/analytics.js:0
[    1052ms] [ERROR] Failed to load resource: net::ERR_CONNECTION_REFUSED @ https://pj.l.liftdsp.com/admtracker.lib.min.js:0
[    1052ms] [ERROR] Failed to load resource: net::ERR_CONNECTION_REFUSED @ https://static.ads-twitter.com/uwt.js:0
[    1084ms] [ERROR] Failed to load resource: net::ERR_CONNECTION_REFUSED @ https://amplify.outbrain.com/cp/obtp.js:0
[    1716ms] [ERROR] Failed to load resource: net::ERR_CONNECTION_REFUSED @ https://sp.analytics.yahoo.com/sp.pl?a=10000&d=Thu%2C%2012%20Feb%202026%2004%3A28%3A59%20GMT&n=-1&b=Counter-Strike%20Ranking%20%7C%20World%20Ranking%20%7C%20HLTV.org&.yp=10135249&f=https%3A%2F%2Fwww.hltv.org%2Franking%2Fteams%2F2025%2Fjuly%2F21&enc=UTF-8&gdpr=1&gdpr_consent=CQfgvAAQfgvAACGABBENCRFsAP_gAEPgAAAAL-tR_G__bWlr-bb3aftkeYxP9_hr7sQxBgbJk24FzLvW7JwXx2E5NAzatqIKmRIAu3TBIQNlHIDURUCgKIgFryDMaE2U4TNKJ6BkiFMZI2tYCFxvm4tjWQCY4vr99lc1mB-t7dr82dzyy6hHn3a5_2S1UJCdIYetDfv8ZBOT-9IEd_x8v4v4_EbpEm-eS1n_pGvp4jd-YnM_dBmxt-Tyff7Pn__rl_e7X_vc_n3zv94XH77v____fv-7___2b_-__-C_rUfxv_W15b_iwV-H7ZDmMX_f4A-7EMQQGyaNmBcy6luSME99hMyRImjCmCBkQAKN0QSABKRgIRERAoQiIFS8Q7ABNEOE7SAHgZIAzGWJgUABIT4uLY1kAmeDqfnVXfYktrOTa9tlcslm4I79yrXnklVCYnCmDBR3rbGAREeryFPd0StaLSPzG6RICkAMb_5VqZeF2HuLxz1aasTXkcnTEv33Zc9_3u0TtmPvdZPr_0nf-3-b11ufv_2zZ_39d_P3gAAA.IL-tR_G__bXlv-bb36ftkeYxf9_hr7sQxBgbJs24FzLvW7JwX32E7NEzatqYKmRIAu3TBIQNtHIjURUChKIgVrzDsaE2U4TtKJ-BkiHMZY2tYCFxvm4tjWQCZ4vr_91d9mT-t7dr-2dzy27hnv3a9_-S1UJidKYetHfv8ZBOT-_IU9_x-_4v4_MbpEm-eS1v_tWvt43d-4vP_dpuxt-Tyff7____73_e7X__c__33___Xf_7_____________f____-A.f_wACHwAAAAA&us_privacy=1---&yv=1.16.6:0
[    1875ms] [ERROR] Failed to load resource: net::ERR_CONNECTION_REFUSED @ https://imgsct.cookiebot.com/1.gif?dgi=e33407d2-0296-4168-a6fb-6e38ce5f1ffb:0
[    2013ms] [ERROR] Failed to load resource: net::ERR_CONNECTION_REFUSED @ https://intersc.igaming-service.io/hltv.org.js?ver=2026-2-12:0
[    6382ms] [WARNING] The resource https://www.googletagservices.com/tag/js/gpt.js was preloaded using link preload but not used within a few seconds from the window's load event. Please make sure it has an appropriate `as` value and it is preloaded intentionally. @ https://www.hltv.org/ranking/teams/2025/july/21:0
[   15779ms] [ERROR] Failed to load resource: net::ERR_CONNECTION_REFUSED @ https://www.googletagservices.com/tag/js/gpt.js:0
[   15779ms] [ERROR] Failed to load resource: net::ERR_CONNECTION_REFUSED @ https://cadmus.script.ac/d23sa75evsxrsv/script.js:0
[   15813ms] [ERROR] Failed to load resource: net::ERR_CONNECTION_REFUSED @ https://r.uuidksinc.net/match/1043602/:0
[   15813ms] [ERROR] Failed to load resource: net::ERR_CONNECTION_REFUSED @ https://htlbid.com/stage/v3/hltv.org/htlbid.js:0
[   15817ms] [ERROR] Failed to load resource: net::ERR_CONNECTION_REFUSED @ https://sdk.mrf.io/statics/marfeel-sdk.js?id=6703:0
[   15817ms] [ERROR] Failed to load resource: net::ERR_CONNECTION_REFUSED @ https://www.googletagmanager.com/gtag/js?id=G-525WEYQTV9:0
[   15817ms] [ERROR] Failed to load resource: net::ERR_CONNECTION_REFUSED @ https://www.google-analytics.com/analytics.js:0
[   15817ms] [ERROR] Failed to load resource: net::ERR_CONNECTION_REFUSED @ https://pj.l.liftdsp.com/admtracker.lib.min.js:0
[   15817ms] [ERROR] Failed to load resource: net::ERR_CONNECTION_REFUSED @ https://static.ads-twitter.com/uwt.js:0
[   15819ms] [ERROR] Failed to load resource: net::ERR_CONNECTION_REFUSED @ https://amplify.outbrain.com/cp/obtp.js:0
[   15841ms] [ERROR] Failed to load resource: net::ERR_CONNECTION_REFUSED @ https://sp.analytics.yahoo.com/sp.pl?a=10000&d=Thu%2C%2012%20Feb%202026%2004%3A29%3A13%20GMT&n=-1&b=Counter-Strike%20Ranking%20%7C%20World%20Ranking%20%7C%20HLTV.org&.yp=10135249&f=https%3A%2F%2Fwww.hltv.org%2Franking%2Fteams%2F2025%2Fjuly%2F21&enc=UTF-8&gdpr=1&gdpr_consent=CQfgvAAQfgvAACGABBENCRFsAP_gAEPgAAAAL-tR_G__bWlr-bb3aftkeYxP9_hr7sQxBgbJk24FzLvW7JwXx2E5NAzatqIKmRIAu3TBIQNlHIDURUCgKIgFryDMaE2U4TNKJ6BkiFMZI2tYCFxvm4tjWQCY4vr99lc1mB-t7dr82dzyy6hHn3a5_2S1UJCdIYetDfv8ZBOT-9IEd_x8v4v4_EbpEm-eS1n_pGvp4jd-YnM_dBmxt-Tyff7Pn__rl_e7X_vc_n3zv94XH77v____fv-7___2b_-__-C_rUfxv_W15b_iwV-H7ZDmMX_f4A-7EMQQGyaNmBcy6luSME99hMyRImjCmCBkQAKN0QSABKRgIRERAoQiIFS8Q7ABNEOE7SAHgZIAzGWJgUABIT4uLY1kAmeDqfnVXfYktrOTa9tlcslm4I79yrXnklVCYnCmDBR3rbGAREeryFPd0StaLSPzG6RICkAMb_5VqZeF2HuLxz1aasTXkcnTEv33Zc9_3u0TtmPvdZPr_0nf-3-b11ufv_2zZ_39d_P3gAAA.IL-tR_G__bXlv-bb36ftkeYxf9_hr7sQxBgbJs24FzLvW7JwX32E7NEzatqYKmRIAu3TBIQNtHIjURUChKIgVrzDsaE2U4TtKJ-BkiHMZY2tYCFxvm4tjWQCZ4vr_91d9mT-t7dr-2dzy27hnv3a9_-S1UJidKYetHfv8ZBOT-_IU9_x-_4v4_MbpEm-eS1v_tWvt43d-4vP_dpuxt-Tyff7____73_e7X__c__33___Xf_7_____________f____-A.f_wACHwAAAAA&us_privacy=1---&yv=1.16.6:0
[   16249ms] [ERROR] Failed to load resource: net::ERR_CONNECTION_REFUSED @ https://imgsct.cookiebot.com/1.gif?dgi=e33407d2-0296-4168-a6fb-6e38ce5f1ffb:0
[   16324ms] [ERROR] Failed to load resource: net::ERR_CONNECTION_REFUSED @ https://intersc.igaming-service.io/hltv.org.js?ver=2026-2-12:0
[   19892ms] [ERROR] Failed to load resource: net::ERR_CONNECTION_REFUSED @ https://www.googletagservices.com/tag/js/gpt.js:0
[   19892ms] [ERROR] Failed to load resource: net::ERR_CONNECTION_REFUSED @ https://cadmus.script.ac/d23sa75evsxrsv/script.js:0
[   19899ms] [ERROR] Failed to load resource: net::ERR_CONNECTION_REFUSED @ https://r.uuidksinc.net/match/1043602/:0
[   19914ms] [ERROR] Failed to load resource: net::ERR_CONNECTION_REFUSED @ https://htlbid.com/stage/v3/hltv.org/htlbid.js:0
[   19914ms] [ERROR] Failed to load resource: net::ERR_CONNECTION_REFUSED @ https://sdk.mrf.io/statics/marfeel-sdk.js?id=6703:0
[   19914ms] [ERROR] Failed to load resource: net::ERR_CONNECTION_REFUSED @ https://www.googletagmanager.com/gtag/js?id=G-525WEYQTV9:0
[   19914ms] [ERROR] Failed to load resource: net::ERR_CONNECTION_REFUSED @ https://pj.l.liftdsp.com/admtracker.lib.min.js:0
[   19914ms] [ERROR] Failed to load resource: net::ERR_CONNECTION_REFUSED @ https://www.google-analytics.com/analytics.js:0
[   19914ms] [ERROR] Failed to load resource: net::ERR_CONNECTION_REFUSED @ https://static.ads-twitter.com/uwt.js:0
[   19916ms] [ERROR] Failed to load resource: net::ERR_CONNECTION_REFUSED @ https://amplify.outbrain.com/cp/obtp.js:0
[   19940ms] [ERROR] Failed to load resource: net::ERR_CONNECTION_REFUSED @ https://sp.analytics.yahoo.com/sp.pl?a=10000&d=Thu%2C%2012%20Feb%202026%2004%3A29%3A17%20GMT&n=-1&b=Counter-Strike%20Ranking%20%7C%20World%20Ranking%20%7C%20HLTV.org&.yp=10135249&f=https%3A%2F%2Fwww.hltv.org%2Franking%2Fteams%2F2025%2Fjuly%2F28&enc=UTF-8&gdpr=1&gdpr_consent=CQfgvAAQfgvAACGABBENCRFsAP_gAEPgAAAAL-tR_G__bWlr-bb3aftkeYxP9_hr7sQxBgbJk24FzLvW7JwXx2E5NAzatqIKmRIAu3TBIQNlHIDURUCgKIgFryDMaE2U4TNKJ6BkiFMZI2tYCFxvm4tjWQCY4vr99lc1mB-t7dr82dzyy6hHn3a5_2S1UJCdIYetDfv8ZBOT-9IEd_x8v4v4_EbpEm-eS1n_pGvp4jd-YnM_dBmxt-Tyff7Pn__rl_e7X_vc_n3zv94XH77v____fv-7___2b_-__-C_rUfxv_W15b_iwV-H7ZDmMX_f4A-7EMQQGyaNmBcy6luSME99hMyRImjCmCBkQAKN0QSABKRgIRERAoQiIFS8Q7ABNEOE7SAHgZIAzGWJgUABIT4uLY1kAmeDqfnVXfYktrOTa9tlcslm4I79yrXnklVCYnCmDBR3rbGAREeryFPd0StaLSPzG6RICkAMb_5VqZeF2HuLxz1aasTXkcnTEv33Zc9_3u0TtmPvdZPr_0nf-3-b11ufv_2zZ_39d_P3gAAA.IL-tR_G__bXlv-bb36ftkeYxf9_hr7sQxBgbJs24FzLvW7JwX32E7NEzatqYKmRIAu3TBIQNtHIjURUChKIgVrzDsaE2U4TtKJ-BkiHMZY2tYCFxvm4tjWQCZ4vr_91d9mT-t7dr-2dzy27hnv3a9_-S1UJidKYetHfv8ZBOT-_IU9_x-_4v4_MbpEm-eS1v_tWvt43d-4vP_dpuxt-Tyff7____73_e7X__c__33___Xf_7_____________f____-A.f_wACHwAAAAA&us_privacy=1---&yv=1.16.6:0
[   20210ms] [ERROR] Failed to load resource: net::ERR_CONNECTION_REFUSED @ https://imgsct.cookiebot.com/1.gif?dgi=e33407d2-0296-4168-a6fb-6e38ce5f1ffb:0
[   20318ms] [ERROR] Failed to load resource: net::ERR_CONNECTION_REFUSED @ https://intersc.igaming-service.io/hltv.org.js?ver=2026-2-12:0
[   23606ms] [ERROR] Failed to load resource: net::ERR_CONNECTION_REFUSED @ https://www.googletagservices.com/tag/js/gpt.js:0
[   23606ms] [ERROR] Failed to load resource: net::ERR_CONNECTION_REFUSED @ https://cadmus.script.ac/d23sa75evsxrsv/script.js:0
[   23608ms] [ERROR] Failed to load resource: net::ERR_CONNECTION_REFUSED @ https://r.uuidksinc.net/match/1043602/:0
[   23619ms] [ERROR] Failed to load resource: net::ERR_CONNECTION_REFUSED @ https://htlbid.com/stage/v3/hltv.org/htlbid.js:0
[   23620ms] [ERROR] Failed to load resource: net::ERR_CONNECTION_REFUSED @ https://sdk.mrf.io/statics/marfeel-sdk.js?id=6703:0
[   23620ms] [ERROR] Failed to load resource: net::ERR_CONNECTION_REFUSED @ https://pj.l.liftdsp.com/admtracker.lib.min.js:0
[   23620ms] [ERROR] Failed to load resource: net::ERR_CONNECTION_REFUSED @ https://www.googletagmanager.com/gtag/js?id=G-525WEYQTV9:0
[   23620ms] [ERROR] Failed to load resource: net::ERR_CONNECTION_REFUSED @ https://www.google-analytics.com/analytics.js:0
[   23620ms] [ERROR] Failed to load resource: net::ERR_CONNECTION_REFUSED @ https://static.ads-twitter.com/uwt.js:0
[   23622ms] [ERROR] Failed to load resource: net::ERR_CONNECTION_REFUSED @ https://amplify.outbrain.com/cp/obtp.js:0
[   23637ms] [ERROR] Failed to load resource: net::ERR_CONNECTION_REFUSED @ https://sp.analytics.yahoo.com/sp.pl?a=10000&d=Thu%2C%2012%20Feb%202026%2004%3A29%3A21%20GMT&n=-1&b=Counter-Strike%20Ranking%20%7C%20World%20Ranking%20%7C%20HLTV.org&.yp=10135249&f=https%3A%2F%2Fwww.hltv.org%2Franking%2Fteams%2F2025%2Faugust%2F4&enc=UTF-8&gdpr=1&gdpr_consent=CQfgvAAQfgvAACGABBENCRFsAP_gAEPgAAAAL-tR_G__bWlr-bb3aftkeYxP9_hr7sQxBgbJk24FzLvW7JwXx2E5NAzatqIKmRIAu3TBIQNlHIDURUCgKIgFryDMaE2U4TNKJ6BkiFMZI2tYCFxvm4tjWQCY4vr99lc1mB-t7dr82dzyy6hHn3a5_2S1UJCdIYetDfv8ZBOT-9IEd_x8v4v4_EbpEm-eS1n_pGvp4jd-YnM_dBmxt-Tyff7Pn__rl_e7X_vc_n3zv94XH77v____fv-7___2b_-__-C_rUfxv_W15b_iwV-H7ZDmMX_f4A-7EMQQGyaNmBcy6luSME99hMyRImjCmCBkQAKN0QSABKRgIRERAoQiIFS8Q7ABNEOE7SAHgZIAzGWJgUABIT4uLY1kAmeDqfnVXfYktrOTa9tlcslm4I79yrXnklVCYnCmDBR3rbGAREeryFPd0StaLSPzG6RICkAMb_5VqZeF2HuLxz1aasTXkcnTEv33Zc9_3u0TtmPvdZPr_0nf-3-b11ufv_2zZ_39d_P3gAAA.IL-tR_G__bXlv-bb36ftkeYxf9_hr7sQxBgbJs24FzLvW7JwX32E7NEzatqYKmRIAu3TBIQNtHIjURUChKIgVrzDsaE2U4TtKJ-BkiHMZY2tYCFxvm4tjWQCZ4vr_91d9mT-t7dr-2dzy27hnv3a9_-S1UJidKYetHfv8ZBOT-_IU9_x-_4v4_MbpEm-eS1v_tWvt43d-4vP_dpuxt-Tyff7____73_e7X__c__33___Xf_7_____________f____-A.f_wACHwAAAAA&us_privacy=1---&yv=1.16.6:0
[   24056ms] [ERROR] Failed to load resource: net::ERR_CONNECTION_REFUSED @ https://imgsct.cookiebot.com/1.gif?dgi=e33407d2-0296-4168-a6fb-6e38ce5f1ffb:0
[   24069ms] [ERROR] Failed to load resource: net::ERR_CONNECTION_REFUSED @ https://intersc.igaming-service.io/hltv.org.js?ver=2026-2-12:0
[   27551ms] [ERROR] Failed to load resource: net::ERR_CONNECTION_REFUSED @ https://www.googletagservices.com/tag/js/gpt.js:0
[   27551ms] [ERROR] Failed to load resource: net::ERR_CONNECTION_REFUSED @ https://cadmus.script.ac/d23sa75evsxrsv/script.js:0
[   27588ms] [ERROR] Failed to load resource: net::ERR_CONNECTION_REFUSED @ https://r.uuidksinc.net/match/1043602/:0
[   27588ms] [ERROR] Failed to load resource: net::ERR_CONNECTION_REFUSED @ https://htlbid.com/stage/v3/hltv.org/htlbid.js:0
[   27596ms] [ERROR] Failed to load resource: net::ERR_CONNECTION_REFUSED @ https://sdk.mrf.io/statics/marfeel-sdk.js?id=6703:0
[   27596ms] [ERROR] Failed to load resource: net::ERR_CONNECTION_REFUSED @ https://www.googletagmanager.com/gtag/js?id=G-525WEYQTV9:0
[   27596ms] [ERROR] Failed to load resource: net::ERR_CONNECTION_REFUSED @ https://www.google-analytics.com/analytics.js:0
[   27596ms] [ERROR] Failed to load resource: net::ERR_CONNECTION_REFUSED @ https://pj.l.liftdsp.com/admtracker.lib.min.js:0
[   27596ms] [ERROR] Failed to load resource: net::ERR_CONNECTION_REFUSED @ https://static.ads-twitter.com/uwt.js:0
[   27601ms] [ERROR] Failed to load resource: net::ERR_CONNECTION_REFUSED @ https://amplify.outbrain.com/cp/obtp.js:0
[   27610ms] [ERROR] Failed to load resource: net::ERR_CONNECTION_REFUSED @ https://sp.analytics.yahoo.com/sp.pl?a=10000&d=Thu%2C%2012%20Feb%202026%2004%3A29%3A25%20GMT&n=-1&b=Counter-Strike%20Ranking%20%7C%20World%20Ranking%20%7C%20HLTV.org&.yp=10135249&f=https%3A%2F%2Fwww.hltv.org%2Franking%2Fteams%2F2025%2Faugust%2F11&enc=UTF-8&gdpr=1&gdpr_consent=CQfgvAAQfgvAACGABBENCRFsAP_gAEPgAAAAL-tR_G__bWlr-bb3aftkeYxP9_hr7sQxBgbJk24FzLvW7JwXx2E5NAzatqIKmRIAu3TBIQNlHIDURUCgKIgFryDMaE2U4TNKJ6BkiFMZI2tYCFxvm4tjWQCY4vr99lc1mB-t7dr82dzyy6hHn3a5_2S1UJCdIYetDfv8ZBOT-9IEd_x8v4v4_EbpEm-eS1n_pGvp4jd-YnM_dBmxt-Tyff7Pn__rl_e7X_vc_n3zv94XH77v____fv-7___2b_-__-C_rUfxv_W15b_iwV-H7ZDmMX_f4A-7EMQQGyaNmBcy6luSME99hMyRImjCmCBkQAKN0QSABKRgIRERAoQiIFS8Q7ABNEOE7SAHgZIAzGWJgUABIT4uLY1kAmeDqfnVXfYktrOTa9tlcslm4I79yrXnklVCYnCmDBR3rbGAREeryFPd0StaLSPzG6RICkAMb_5VqZeF2HuLxz1aasTXkcnTEv33Zc9_3u0TtmPvdZPr_0nf-3-b11ufv_2zZ_39d_P3gAAA.IL-tR_G__bXlv-bb36ftkeYxf9_hr7sQxBgbJs24FzLvW7JwX32E7NEzatqYKmRIAu3TBIQNtHIjURUChKIgVrzDsaE2U4TtKJ-BkiHMZY2tYCFxvm4tjWQCZ4vr_91d9mT-t7dr-2dzy27hnv3a9_-S1UJidKYetHfv8ZBOT-_IU9_x-_4v4_MbpEm-eS1v_tWvt43d-4vP_dpuxt-Tyff7____73_e7X__c__33___Xf_7_____________f____-A.f_wACHwAAAAA&us_privacy=1---&yv=1.16.6:0
[   27886ms] [ERROR] Failed to load resource: net::ERR_CONNECTION_REFUSED @ https://imgsct.cookiebot.com/1.gif?dgi=e33407d2-0296-4168-a6fb-6e38ce5f1ffb:0
[   27900ms] [ERROR] Failed to load resource: net::ERR_CONNECTION_REFUSED @ https://intersc.igaming-service.io/hltv.org.js?ver=2026-2-12:0
[   31303ms] [ERROR] Failed to load resource: net::ERR_CONNECTION_REFUSED @ https://www.googletagservices.com/tag/js/gpt.js:0
[   31303ms] [ERROR] Failed to load resource: net::ERR_CONNECTION_REFUSED @ https://cadmus.script.ac/d23sa75evsxrsv/script.js:0
[   31312ms] [ERROR] Failed to load resource: net::ERR_CONNECTION_REFUSED @ https://r.uuidksinc.net/match/1043602/:0
[   31315ms] [ERROR] Failed to load resource: net::ERR_CONNECTION_REFUSED @ https://htlbid.com/stage/v3/hltv.org/htlbid.js:0
[   31315ms] [ERROR] Failed to load resource: net::ERR_CONNECTION_REFUSED @ https://sdk.mrf.io/statics/marfeel-sdk.js?id=6703:0
[   31315ms] [ERROR] Failed to load resource: net::ERR_CONNECTION_REFUSED @ https://static.ads-twitter.com/uwt.js:0
[   31315ms] [ERROR] Failed to load resource: net::ERR_CONNECTION_REFUSED @ https://www.google-analytics.com/analytics.js:0
[   31315ms] [ERROR] Failed to load resource: net::ERR_CONNECTION_REFUSED @ https://pj.l.liftdsp.com/admtracker.lib.min.js:0
[   31315ms] [ERROR] Failed to load resource: net::ERR_CONNECTION_REFUSED @ https://www.googletagmanager.com/gtag/js?id=G-525WEYQTV9:0
[   31317ms] [ERROR] Failed to load resource: net::ERR_CONNECTION_REFUSED @ https://amplify.outbrain.com/cp/obtp.js:0
[   31332ms] [ERROR] Failed to load resource: net::ERR_CONNECTION_REFUSED @ https://sp.analytics.yahoo.com/sp.pl?a=10000&d=Thu%2C%2012%20Feb%202026%2004%3A29%3A29%20GMT&n=-1&b=Counter-Strike%20Ranking%20%7C%20World%20Ranking%20%7C%20HLTV.org&.yp=10135249&f=https%3A%2F%2Fwww.hltv.org%2Franking%2Fteams%2F2025%2Faugust%2F18&enc=UTF-8&gdpr=1&gdpr_consent=CQfgvAAQfgvAACGABBENCRFsAP_gAEPgAAAAL-tR_G__bWlr-bb3aftkeYxP9_hr7sQxBgbJk24FzLvW7JwXx2E5NAzatqIKmRIAu3TBIQNlHIDURUCgKIgFryDMaE2U4TNKJ6BkiFMZI2tYCFxvm4tjWQCY4vr99lc1mB-t7dr82dzyy6hHn3a5_2S1UJCdIYetDfv8ZBOT-9IEd_x8v4v4_EbpEm-eS1n_pGvp4jd-YnM_dBmxt-Tyff7Pn__rl_e7X_vc_n3zv94XH77v____fv-7___2b_-__-C_rUfxv_W15b_iwV-H7ZDmMX_f4A-7EMQQGyaNmBcy6luSME99hMyRImjCmCBkQAKN0QSABKRgIRERAoQiIFS8Q7ABNEOE7SAHgZIAzGWJgUABIT4uLY1kAmeDqfnVXfYktrOTa9tlcslm4I79yrXnklVCYnCmDBR3rbGAREeryFPd0StaLSPzG6RICkAMb_5VqZeF2HuLxz1aasTXkcnTEv33Zc9_3u0TtmPvdZPr_0nf-3-b11ufv_2zZ_39d_P3gAAA.IL-tR_G__bXlv-bb36ftkeYxf9_hr7sQxBgbJs24FzLvW7JwX32E7NEzatqYKmRIAu3TBIQNtHIjURUChKIgVrzDsaE2U4TtKJ-BkiHMZY2tYCFxvm4tjWQCZ4vr_91d9mT-t7dr-2dzy27hnv3a9_-S1UJidKYetHfv8ZBOT-_IU9_x-_4v4_MbpEm-eS1v_tWvt43d-4vP_dpuxt-Tyff7____73_e7X__c__33___Xf_7_____________f____-A.f_wACHwAAAAA&us_privacy=1---&yv=1.16.6:0
[   31757ms] [ERROR] Failed to load resource: net::ERR_CONNECTION_REFUSED @ https://imgsct.cookiebot.com/1.gif?dgi=e33407d2-0296-4168-a6fb-6e38ce5f1ffb:0
[   31825ms] [ERROR] Failed to load resource: net::ERR_CONNECTION_REFUSED @ https://intersc.igaming-service.io/hltv.org.js?ver=2026-2-12:0
[   36433ms] [WARNING] The resource https://www.googletagservices.com/tag/js/gpt.js was preloaded using link preload but not used within a few seconds from the window's load event. Please make sure it has an appropriate `as` value and it is preloaded intentionally. @ https://www.hltv.org/ranking/teams/2025/august/18:0
[  158444ms] [ERROR] Failed to load resource: net::ERR_CONNECTION_REFUSED @ https://www.googletagservices.com/tag/js/gpt.js:0
[  158444ms] [ERROR] Failed to load resource: net::ERR_CONNECTION_REFUSED @ https://cadmus.script.ac/d23sa75evsxrsv/script.js:0
[  158456ms] [ERROR] Failed to load resource: net::ERR_CONNECTION_REFUSED @ https://sdk.mrf.io/statics/marfeel-sdk.js?id=6703:0
[  158576ms] [ERROR] Failed to load resource: net::ERR_CONNECTION_REFUSED @ https://htlbid.com/stage/v3/hltv.org/htlbid.js:0
[  158576ms] [ERROR] Failed to load resource: net::ERR_CONNECTION_REFUSED @ https://r.uuidksinc.net/match/1043602/:0
[  158576ms] [ERROR] Failed to load resource: net::ERR_CONNECTION_REFUSED @ https://www.googletagmanager.com/gtag/js?id=G-525WEYQTV9:0
[  158580ms] [ERROR] Failed to load resource: net::ERR_CONNECTION_REFUSED @ https://static.ads-twitter.com/uwt.js:0
[  158580ms] [ERROR] Failed to load resource: net::ERR_CONNECTION_REFUSED @ https://pj.l.liftdsp.com/admtracker.lib.min.js:0
[  158580ms] [ERROR] Failed to load resource: net::ERR_CONNECTION_REFUSED @ https://www.google-analytics.com/analytics.js:0
[  158711ms] [ERROR] Failed to load resource: net::ERR_CONNECTION_REFUSED @ https://amplify.outbrain.com/cp/obtp.js:0
[  158711ms] [ERROR] Failed to load resource: net::ERR_CONNECTION_REFUSED @ https://sp.analytics.yahoo.com/sp.pl?a=10000&d=Thu%2C%2012%20Feb%202026%2004%3A31%3A36%20GMT&n=-1&b=Counter-Strike%20Ranking%20%7C%20World%20Ranking%20%7C%20HLTV.org&.yp=10135249&f=https%3A%2F%2Fwww.hltv.org%2Franking%2Fteams%2F2025%2Faugust%2F25&enc=UTF-8&gdpr=1&gdpr_consent=CQfgvAAQfgvAACGABBENCRFsAP_gAEPgAAAAL-tR_G__bWlr-bb3aftkeYxP9_hr7sQxBgbJk24FzLvW7JwXx2E5NAzatqIKmRIAu3TBIQNlHIDURUCgKIgFryDMaE2U4TNKJ6BkiFMZI2tYCFxvm4tjWQCY4vr99lc1mB-t7dr82dzyy6hHn3a5_2S1UJCdIYetDfv8ZBOT-9IEd_x8v4v4_EbpEm-eS1n_pGvp4jd-YnM_dBmxt-Tyff7Pn__rl_e7X_vc_n3zv94XH77v____fv-7___2b_-__-C_rUfxv_W15b_iwV-H7ZDmMX_f4A-7EMQQGyaNmBcy6luSME99hMyRImjCmCBkQAKN0QSABKRgIRERAoQiIFS8Q7ABNEOE7SAHgZIAzGWJgUABIT4uLY1kAmeDqfnVXfYktrOTa9tlcslm4I79yrXnklVCYnCmDBR3rbGAREeryFPd0StaLSPzG6RICkAMb_5VqZeF2HuLxz1aasTXkcnTEv33Zc9_3u0TtmPvdZPr_0nf-3-b11ufv_2zZ_39d_P3gAAA.IL-tR_G__bXlv-bb36ftkeYxf9_hr7sQxBgbJs24FzLvW7JwX32E7NEzatqYKmRIAu3TBIQNtHIjURUChKIgVrzDsaE2U4TtKJ-BkiHMZY2tYCFxvm4tjWQCZ4vr_91d9mT-t7dr-2dzy27hnv3a9_-S1UJidKYetHfv8ZBOT-_IU9_x-_4v4_MbpEm-eS1v_tWvt43d-4vP_dpuxt-Tyff7____73_e7X__c__33___Xf_7_____________f____-A.f_wACHwAAAAA&us_privacy=1---&yv=1.16.6:0
[  159040ms] [ERROR] Failed to load resource: net::ERR_CONNECTION_REFUSED @ https://imgsct.cookiebot.com/1.gif?dgi=e33407d2-0296-4168-a6fb-6e38ce5f1ffb:0
[  159155ms] [ERROR] Failed to load resource: net::ERR_CONNECTION_REFUSED @ https://intersc.igaming-service.io/hltv.org.js?ver=2026-2-12:0
[  162526ms] [ERROR] Failed to load resource: the server responded with a status of 404 () @ https://www.hltv.org/ranking/teams/2025/september/1:0
[  162529ms] [ERROR] Failed to load resource: net::ERR_CONNECTION_REFUSED @ https://www.googletagservices.com/tag/js/gpt.js:0
[  162529ms] [ERROR] Failed to load resource: net::ERR_CONNECTION_REFUSED @ https://cadmus.script.ac/d23sa75evsxrsv/script.js:0
[  162565ms] [ERROR] Failed to load resource: net::ERR_CONNECTION_REFUSED @ https://r.uuidksinc.net/match/1043602/:0
[  162565ms] [ERROR] Failed to load resource: net::ERR_CONNECTION_REFUSED @ https://htlbid.com/stage/v3/hltv.org/htlbid.js:0
[  162568ms] [ERROR] Failed to load resource: net::ERR_CONNECTION_REFUSED @ https://sdk.mrf.io/statics/marfeel-sdk.js?id=6703:0
[  162568ms] [ERROR] Failed to load resource: net::ERR_CONNECTION_REFUSED @ https://www.googletagmanager.com/gtag/js?id=G-525WEYQTV9:0
[  162568ms] [ERROR] Failed to load resource: net::ERR_CONNECTION_REFUSED @ https://www.google-analytics.com/analytics.js:0
[  162568ms] [ERROR] Failed to load resource: net::ERR_CONNECTION_REFUSED @ https://pj.l.liftdsp.com/admtracker.lib.min.js:0
[  162569ms] [ERROR] Failed to load resource: net::ERR_CONNECTION_REFUSED @ https://static.ads-twitter.com/uwt.js:0
[  162569ms] [ERROR] Failed to load resource: net::ERR_CONNECTION_REFUSED @ https://amplify.outbrain.com/cp/obtp.js:0
[  162585ms] [ERROR] Failed to load resource: net::ERR_CONNECTION_REFUSED @ https://sp.analytics.yahoo.com/sp.pl?a=10000&d=Thu%2C%2012%20Feb%202026%2004%3A31%3A40%20GMT&n=-1&b=HLTV.org%20-%20The%20home%20of%20competitive%20Counter-Strike&.yp=10135249&f=https%3A%2F%2Fwww.hltv.org%2Franking%2Fteams%2F2025%2Fseptember%2F1&enc=UTF-8&gdpr=1&gdpr_consent=CQfgvAAQfgvAACGABBENCRFsAP_gAEPgAAAAL-tR_G__bWlr-bb3aftkeYxP9_hr7sQxBgbJk24FzLvW7JwXx2E5NAzatqIKmRIAu3TBIQNlHIDURUCgKIgFryDMaE2U4TNKJ6BkiFMZI2tYCFxvm4tjWQCY4vr99lc1mB-t7dr82dzyy6hHn3a5_2S1UJCdIYetDfv8ZBOT-9IEd_x8v4v4_EbpEm-eS1n_pGvp4jd-YnM_dBmxt-Tyff7Pn__rl_e7X_vc_n3zv94XH77v____fv-7___2b_-__-C_rUfxv_W15b_iwV-H7ZDmMX_f4A-7EMQQGyaNmBcy6luSME99hMyRImjCmCBkQAKN0QSABKRgIRERAoQiIFS8Q7ABNEOE7SAHgZIAzGWJgUABIT4uLY1kAmeDqfnVXfYktrOTa9tlcslm4I79yrXnklVCYnCmDBR3rbGAREeryFPd0StaLSPzG6RICkAMb_5VqZeF2HuLxz1aasTXkcnTEv33Zc9_3u0TtmPvdZPr_0nf-3-b11ufv_2zZ_39d_P3gAAA.IL-tR_G__bXlv-bb36ftkeYxf9_hr7sQxBgbJs24FzLvW7JwX32E7NEzatqYKmRIAu3TBIQNtHIjURUChKIgVrzDsaE2U4TtKJ-BkiHMZY2tYCFxvm4tjWQCZ4vr_91d9mT-t7dr-2dzy27hnv3a9_-S1UJidKYetHfv8ZBOT-_IU9_x-_4v4_MbpEm-eS1v_tWvt43d-4vP_dpuxt-Tyff7____73_e7X__c__33___Xf_7_____________f____-A.f_wACHwAAAAA&us_privacy=1---&yv=1.16.6:0
[  162758ms] [ERROR] Failed to load resource: net::ERR_CONNECTION_REFUSED @ https://imgsct.cookiebot.com/1.gif?dgi=e33407d2-0296-4168-a6fb-6e38ce5f1ffb:0
[  162846ms] [ERROR] Failed to load resource: net::ERR_CONNECTION_REFUSED @ https://intersc.igaming-service.io/hltv.org.js?ver=2026-2-12:0
[  167517ms] [WARNING] The resource https://www.googletagservices.com/tag/js/gpt.js was preloaded using link preload but not used within a few seconds from the window's load event. Please make sure it has an appropriate `as` value and it is preloaded intentionally. @ https://www.hltv.org/ranking/teams/2025/september/1:0
