[    1036ms] [ERROR] Failed to load resource: net::ERR_CONNECTION_REFUSED @ https://www.googletagservices.com/tag/js/gpt.js:0
[    1036ms] [ERROR] Failed to load resource: net::ERR_CONNECTION_REFUSED @ https://cadmus.script.ac/d23sa75evsxrsv/script.js:0
[    1446ms] [ERROR] Failed to load resource: net::ERR_CONNECTION_REFUSED @ https://htlbid.com/stage/v3/hltv.org/htlbid.js:0
[    1592ms] [ERROR] Failed to load resource: net::ERR_CONNECTION_REFUSED @ https://www.googletagmanager.com/gtag/js?id=G-525WEYQTV9:0
[    1682ms] [ERROR] Failed to load resource: net::ERR_CONNECTION_REFUSED @ https://r.uuidksinc.net/match/1043602/:0
[    1777ms] [ERROR] Failed to load resource: net::ERR_CONNECTION_REFUSED @ https://sdk.mrf.io/statics/marfeel-sdk.js?id=6703:0
[    1789ms] [ERROR] Failed to load resource: net::ERR_CONNECTION_REFUSED @ https://www.google-analytics.com/analytics.js:0
[    1789ms] [ERROR] Failed to load resource: net::ERR_CONNECTION_REFUSED @ https://pj.l.liftdsp.com/admtracker.lib.min.js:0
[    1789ms] [ERROR] Failed to load resource: net::ERR_CONNECTION_REFUSED @ https://static.ads-twitter.com/uwt.js:0
[    1937ms] [ERROR] Failed to load resource: net::ERR_CONNECTION_REFUSED @ https://amplify.outbrain.com/cp/obtp.js:0
[    2574ms] [ERROR] Failed to load resource: net::ERR_CONNECTION_REFUSED @ https://sp.analytics.yahoo.com/sp.pl?a=10000&d=Thu%2C%2012%20Feb%202026%2004%3A24%3A59%20GMT&n=-1&b=Counter-Strike%20Ranking%20%7C%20World%20Ranking%20%7C%20HLTV.org&.yp=10135249&f=https%3A%2F%2Fwww.hltv.org%2Franking%2Fteams%2F2025%2Fjuly%2F21&enc=UTF-8&gdpr=1&gdpr_consent=CQfgvAAQfgvAACGABBENCRFsAP_gAEPgAAAAL-tR_G__bWlr-bb3aftkeYxP9_hr7sQxBgbJk24FzLvW7JwXx2E5NAzatqIKmRIAu3TBIQNlHIDURUCgKIgFryDMaE2U4TNKJ6BkiFMZI2tYCFxvm4tjWQCY4vr99lc1mB-t7dr82dzyy6hHn3a5_2S1UJCdIYetDfv8ZBOT-9IEd_x8v4v4_EbpEm-eS1n_pGvp4jd-YnM_dBmxt-Tyff7Pn__rl_e7X_vc_n3zv94XH77v____fv-7___2b_-__-C_rUfxv_W15b_iwV-H7ZDmMX_f4A-7EMQQGyaNmBcy6luSME99hMyRImjCmCBkQAKN0QSABKRgIRERAoQiIFS8Q7ABNEOE7SAHgZIAzGWJgUABIT4uLY1kAmeDqfnVXfYktrOTa9tlcslm4I79yrXnklVCYnCmDBR3rbGAREeryFPd0StaLSPzG6RICkAMb_5VqZeF2HuLxz1aasTXkcnTEv33Zc9_3u0TtmPvdZPr_0nf-3-b11ufv_2zZ_39d_P3gAAA.IL-tR_G__bXlv-bb36ftkeYxf9_hr7sQxBgbJs24FzLvW7JwX32E7NEzatqYKmRIAu3TBIQNtHIjURUChKIgVrzDsaE2U4TtKJ-BkiHMZY2tYCFxvm4tjWQCZ4vr_91d9mT-t7dr-2dzy27hnv3a9_-S1UJidKYetHfv8ZBOT-_IU9_x-_4v4_MbpEm-eS1v_tWvt43d-4vP_dpuxt-Tyff7____73_e7X__c__33___Xf_7_____________f____-A.f_wACHwAAAAA&us_privacy=1---&yv=1.16.6:0
[    3554ms] [ERROR] Failed to load resource: net::ERR_CONNECTION_REFUSED @ https://imgsct.cookiebot.com/1.gif?dgi=e33407d2-0296-4168-a6fb-6e38ce5f1ffb:0
[    3694ms] [ERROR] Failed to load resource: net::ERR_CONNECTION_REFUSED @ https://intersc.igaming-service.io/hltv.org.js?ver=2026-2-12:0
[    6695ms] [WARNING] The resource https://www.googletagservices.com/tag/js/gpt.js was preloaded using link preload but not used within a few seconds from the window's load event. Please make sure it has an appropriate `as` value and it is preloaded intentionally. @ https://www.hltv.org/ranking/teams/2025/july/21:0
[   17774ms] [ERROR] Failed to load resource: net::ERR_CONNECTION_REFUSED @ https://www.googletagservices.com/tag/js/gpt.js:0
[   17774ms] [ERROR] Failed to load resource: net::ERR_CONNECTION_REFUSED @ https://cadmus.script.ac/d23sa75evsxrsv/script.js:0
[   17784ms] [ERROR] Failed to load resource: net::ERR_CONNECTION_REFUSED @ https://htlbid.com/stage/v3/hltv.org/htlbid.js:0
[   17784ms] [ERROR] Failed to load resource: net::ERR_CONNECTION_REFUSED @ https://www.googletagmanager.com/gtag/js?id=G-525WEYQTV9:0
[   17796ms] [ERROR] Failed to load resource: net::ERR_CONNECTION_REFUSED @ https://r.uuidksinc.net/match/1043602/:0
[   17806ms] [ERROR] Failed to load resource: net::ERR_CONNECTION_REFUSED @ https://www.google-analytics.com/analytics.js:0
[   17807ms] [ERROR] Failed to load resource: net::ERR_CONNECTION_REFUSED @ https://sdk.mrf.io/statics/marfeel-sdk.js?id=6703:0
[   17807ms] [ERROR] Failed to load resource: net::ERR_CONNECTION_REFUSED @ https://pj.l.liftdsp.com/admtracker.lib.min.js:0
[   17807ms] [ERROR] Failed to load resource: net::ERR_CONNECTION_REFUSED @ https://static.ads-twitter.com/uwt.js:0
[   17808ms] [ERROR] Failed to load resource: net::ERR_CONNECTION_REFUSED @ https://amplify.outbrain.com/cp/obtp.js:0
[   17833ms] [ERROR] Failed to load resource: net::ERR_CONNECTION_REFUSED @ https://sp.analytics.yahoo.com/sp.pl?a=10000&d=Thu%2C%2012%20Feb%202026%2004%3A25%3A15%20GMT&n=-1&b=Counter-Strike%20Ranking%20%7C%20World%20Ranking%20%7C%20HLTV.org&.yp=10135249&f=https%3A%2F%2Fwww.hltv.org%2Franking%2Fteams%2F2025%2Fjuly%2F21&enc=UTF-8&gdpr=1&gdpr_consent=CQfgvAAQfgvAACGABBENCRFsAP_gAEPgAAAAL-tR_G__bWlr-bb3aftkeYxP9_hr7sQxBgbJk24FzLvW7JwXx2E5NAzatqIKmRIAu3TBIQNlHIDURUCgKIgFryDMaE2U4TNKJ6BkiFMZI2tYCFxvm4tjWQCY4vr99lc1mB-t7dr82dzyy6hHn3a5_2S1UJCdIYetDfv8ZBOT-9IEd_x8v4v4_EbpEm-eS1n_pGvp4jd-YnM_dBmxt-Tyff7Pn__rl_e7X_vc_n3zv94XH77v____fv-7___2b_-__-C_rUfxv_W15b_iwV-H7ZDmMX_f4A-7EMQQGyaNmBcy6luSME99hMyRImjCmCBkQAKN0QSABKRgIRERAoQiIFS8Q7ABNEOE7SAHgZIAzGWJgUABIT4uLY1kAmeDqfnVXfYktrOTa9tlcslm4I79yrXnklVCYnCmDBR3rbGAREeryFPd0StaLSPzG6RICkAMb_5VqZeF2HuLxz1aasTXkcnTEv33Zc9_3u0TtmPvdZPr_0nf-3-b11ufv_2zZ_39d_P3gAAA.IL-tR_G__bXlv-bb36ftkeYxf9_hr7sQxBgbJs24FzLvW7JwX32E7NEzatqYKmRIAu3TBIQNtHIjURUChKIgVrzDsaE2U4TtKJ-BkiHMZY2tYCFxvm4tjWQCZ4vr_91d9mT-t7dr-2dzy27hnv3a9_-S1UJidKYetHfv8ZBOT-_IU9_x-_4v4_MbpEm-eS1v_tWvt43d-4vP_dpuxt-Tyff7____73_e7X__c__33___Xf_7_____________f____-A.f_wACHwAAAAA&us_privacy=1---&yv=1.16.6:0
[   18155ms] [ERROR] Failed to load resource: net::ERR_CONNECTION_REFUSED @ https://imgsct.cookiebot.com/1.gif?dgi=e33407d2-0296-4168-a6fb-6e38ce5f1ffb:0
[   18201ms] [ERROR] Failed to load resource: net::ERR_CONNECTION_REFUSED @ https://intersc.igaming-service.io/hltv.org.js?ver=2026-2-12:0
[   21586ms] [ERROR] Failed to load resource: net::ERR_CONNECTION_REFUSED @ https://www.googletagservices.com/tag/js/gpt.js:0
[   21586ms] [ERROR] Failed to load resource: net::ERR_CONNECTION_REFUSED @ https://cadmus.script.ac/d23sa75evsxrsv/script.js:0
[   21596ms] [ERROR] Failed to load resource: net::ERR_CONNECTION_REFUSED @ https://r.uuidksinc.net/match/1043602/:0
[   21599ms] [ERROR] Failed to load resource: net::ERR_CONNECTION_REFUSED @ https://htlbid.com/stage/v3/hltv.org/htlbid.js:0
[   21599ms] [ERROR] Failed to load resource: net::ERR_CONNECTION_REFUSED @ https://sdk.mrf.io/statics/marfeel-sdk.js?id=6703:0
[   21599ms] [ERROR] Failed to load resource: net::ERR_CONNECTION_REFUSED @ https://www.googletagmanager.com/gtag/js?id=G-525WEYQTV9:0
[   21599ms] [ERROR] Failed to load resource: net::ERR_CONNECTION_REFUSED @ https://www.google-analytics.com/analytics.js:0
[   21599ms] [ERROR] Failed to load resource: net::ERR_CONNECTION_REFUSED @ https://pj.l.liftdsp.com/admtracker.lib.min.js:0
[   21599ms] [ERROR] Failed to load resource: net::ERR_CONNECTION_REFUSED @ https://static.ads-twitter.com/uwt.js:0
[   21600ms] [ERROR] Failed to load resource: net::ERR_CONNECTION_REFUSED @ https://amplify.outbrain.com/cp/obtp.js:0
[   21617ms] [ERROR] Failed to load resource: net::ERR_CONNECTION_REFUSED @ https://sp.analytics.yahoo.com/sp.pl?a=10000&d=Thu%2C%2012%20Feb%202026%2004%3A25%3A18%20GMT&n=-1&b=Counter-Strike%20Ranking%20%7C%20World%20Ranking%20%7C%20HLTV.org&.yp=10135249&f=https%3A%2F%2Fwww.hltv.org%2Franking%2Fteams%2F2025%2Fjuly%2F28&enc=UTF-8&gdpr=1&gdpr_consent=CQfgvAAQfgvAACGABBENCRFsAP_gAEPgAAAAL-tR_G__bWlr-bb3aftkeYxP9_hr7sQxBgbJk24FzLvW7JwXx2E5NAzatqIKmRIAu3TBIQNlHIDURUCgKIgFryDMaE2U4TNKJ6BkiFMZI2tYCFxvm4tjWQCY4vr99lc1mB-t7dr82dzyy6hHn3a5_2S1UJCdIYetDfv8ZBOT-9IEd_x8v4v4_EbpEm-eS1n_pGvp4jd-YnM_dBmxt-Tyff7Pn__rl_e7X_vc_n3zv94XH77v____fv-7___2b_-__-C_rUfxv_W15b_iwV-H7ZDmMX_f4A-7EMQQGyaNmBcy6luSME99hMyRImjCmCBkQAKN0QSABKRgIRERAoQiIFS8Q7ABNEOE7SAHgZIAzGWJgUABIT4uLY1kAmeDqfnVXfYktrOTa9tlcslm4I79yrXnklVCYnCmDBR3rbGAREeryFPd0StaLSPzG6RICkAMb_5VqZeF2HuLxz1aasTXkcnTEv33Zc9_3u0TtmPvdZPr_0nf-3-b11ufv_2zZ_39d_P3gAAA.IL-tR_G__bXlv-bb36ftkeYxf9_hr7sQxBgbJs24FzLvW7JwX32E7NEzatqYKmRIAu3TBIQNtHIjURUChKIgVrzDsaE2U4TtKJ-BkiHMZY2tYCFxvm4tjWQCZ4vr_91d9mT-t7dr-2dzy27hnv3a9_-S1UJidKYetHfv8ZBOT-_IU9_x-_4v4_MbpEm-eS1v_tWvt43d-4vP_dpuxt-Tyff7____73_e7X__c__33___Xf_7_____________f____-A.f_wACHwAAAAA&us_privacy=1---&yv=1.16.6:0
[   22033ms] [ERROR] Failed to load resource: net::ERR_CONNECTION_REFUSED @ https://imgsct.cookiebot.com/1.gif?dgi=e33407d2-0296-4168-a6fb-6e38ce5f1ffb:0
[   22110ms] [ERROR] Failed to load resource: net::ERR_CONNECTION_REFUSED @ https://intersc.igaming-service.io/hltv.org.js?ver=2026-2-12:0
[   25482ms] [ERROR] Failed to load resource: net::ERR_CONNECTION_REFUSED @ https://www.googletagservices.com/tag/js/gpt.js:0
[   25482ms] [ERROR] Failed to load resource: net::ERR_CONNECTION_REFUSED @ https://cadmus.script.ac/d23sa75evsxrsv/script.js:0
[   25491ms] [ERROR] Failed to load resource: net::ERR_CONNECTION_REFUSED @ https://r.uuidksinc.net/match/1043602/:0
[   25494ms] [ERROR] Failed to load resource: net::ERR_CONNECTION_REFUSED @ https://htlbid.com/stage/v3/hltv.org/htlbid.js:0
[   25494ms] [ERROR] Failed to load resource: net::ERR_CONNECTION_REFUSED @ https://sdk.mrf.io/statics/marfeel-sdk.js?id=6703:0
[   25494ms] [ERROR] Failed to load resource: net::ERR_CONNECTION_REFUSED @ https://www.googletagmanager.com/gtag/js?id=G-525WEYQTV9:0
[   25494ms] [ERROR] Failed to load resource: net::ERR_CONNECTION_REFUSED @ https://www.google-analytics.com/analytics.js:0
[   25494ms] [ERROR] Failed to load resource: net::ERR_CONNECTION_REFUSED @ https://pj.l.liftdsp.com/admtracker.lib.min.js:0
[   25494ms] [ERROR] Failed to load resource: net::ERR_CONNECTION_REFUSED @ https://static.ads-twitter.com/uwt.js:0
[   25495ms] [ERROR] Failed to load resource: net::ERR_CONNECTION_REFUSED @ https://amplify.outbrain.com/cp/obtp.js:0
[   25511ms] [ERROR] Failed to load resource: net::ERR_CONNECTION_REFUSED @ https://sp.analytics.yahoo.com/sp.pl?a=10000&d=Thu%2C%2012%20Feb%202026%2004%3A25%3A22%20GMT&n=-1&b=Counter-Strike%20Ranking%20%7C%20World%20Ranking%20%7C%20HLTV.org&.yp=10135249&f=https%3A%2F%2Fwww.hltv.org%2Franking%2Fteams%2F2025%2Faugust%2F4&enc=UTF-8&gdpr=1&gdpr_consent=CQfgvAAQfgvAACGABBENCRFsAP_gAEPgAAAAL-tR_G__bWlr-bb3aftkeYxP9_hr7sQxBgbJk24FzLvW7JwXx2E5NAzatqIKmRIAu3TBIQNlHIDURUCgKIgFryDMaE2U4TNKJ6BkiFMZI2tYCFxvm4tjWQCY4vr99lc1mB-t7dr82dzyy6hHn3a5_2S1UJCdIYetDfv8ZBOT-9IEd_x8v4v4_EbpEm-eS1n_pGvp4jd-YnM_dBmxt-Tyff7Pn__rl_e7X_vc_n3zv94XH77v____fv-7___2b_-__-C_rUfxv_W15b_iwV-H7ZDmMX_f4A-7EMQQGyaNmBcy6luSME99hMyRImjCmCBkQAKN0QSABKRgIRERAoQiIFS8Q7ABNEOE7SAHgZIAzGWJgUABIT4uLY1kAmeDqfnVXfYktrOTa9tlcslm4I79yrXnklVCYnCmDBR3rbGAREeryFPd0StaLSPzG6RICkAMb_5VqZeF2HuLxz1aasTXkcnTEv33Zc9_3u0TtmPvdZPr_0nf-3-b11ufv_2zZ_39d_P3gAAA.IL-tR_G__bXlv-bb36ftkeYxf9_hr7sQxBgbJs24FzLvW7JwX32E7NEzatqYKmRIAu3TBIQNtHIjURUChKIgVrzDsaE2U4TtKJ-BkiHMZY2tYCFxvm4tjWQCZ4vr_91d9mT-t7dr-2dzy27hnv3a9_-S1UJidKYetHfv8ZBOT-_IU9_x-_4v4_MbpEm-eS1v_tWvt43d-4vP_dpuxt-Tyff7____73_e7X__c__33___Xf_7_____________f____-A.f_wACHwAAAAA&us_privacy=1---&yv=1.16.6:0
[   25973ms] [ERROR] Failed to load resource: net::ERR_CONNECTION_REFUSED @ https://imgsct.cookiebot.com/1.gif?dgi=e33407d2-0296-4168-a6fb-6e38ce5f1ffb:0
[   25995ms] [ERROR] Failed to load resource: net::ERR_CONNECTION_REFUSED @ https://intersc.igaming-service.io/hltv.org.js?ver=2026-2-12:0
[   29429ms] [ERROR] Failed to load resource: net::ERR_CONNECTION_REFUSED @ https://www.googletagservices.com/tag/js/gpt.js:0
[   29429ms] [ERROR] Failed to load resource: net::ERR_CONNECTION_REFUSED @ https://cadmus.script.ac/d23sa75evsxrsv/script.js:0
[   29439ms] [ERROR] Failed to load resource: net::ERR_CONNECTION_REFUSED @ https://r.uuidksinc.net/match/1043602/:0
[   29442ms] [ERROR] Failed to load resource: net::ERR_CONNECTION_REFUSED @ https://htlbid.com/stage/v3/hltv.org/htlbid.js:0
[   29442ms] [ERROR] Failed to load resource: net::ERR_CONNECTION_REFUSED @ https://sdk.mrf.io/statics/marfeel-sdk.js?id=6703:0
[   29442ms] [ERROR] Failed to load resource: net::ERR_CONNECTION_REFUSED @ https://www.googletagmanager.com/gtag/js?id=G-525WEYQTV9:0
[   29442ms] [ERROR] Failed to load resource: net::ERR_CONNECTION_REFUSED @ https://www.google-analytics.com/analytics.js:0
[   29442ms] [ERROR] Failed to load resource: net::ERR_CONNECTION_REFUSED @ https://pj.l.liftdsp.com/admtracker.lib.min.js:0
[   29442ms] [ERROR] Failed to load resource: net::ERR_CONNECTION_REFUSED @ https://static.ads-twitter.com/uwt.js:0
[   29442ms] [ERROR] Failed to load resource: net::ERR_CONNECTION_REFUSED @ https://amplify.outbrain.com/cp/obtp.js:0
[   29458ms] [ERROR] Failed to load resource: net::ERR_CONNECTION_REFUSED @ https://sp.analytics.yahoo.com/sp.pl?a=10000&d=Thu%2C%2012%20Feb%202026%2004%3A25%3A26%20GMT&n=-1&b=Counter-Strike%20Ranking%20%7C%20World%20Ranking%20%7C%20HLTV.org&.yp=10135249&f=https%3A%2F%2Fwww.hltv.org%2Franking%2Fteams%2F2025%2Faugust%2F11&enc=UTF-8&gdpr=1&gdpr_consent=CQfgvAAQfgvAACGABBENCRFsAP_gAEPgAAAAL-tR_G__bWlr-bb3aftkeYxP9_hr7sQxBgbJk24FzLvW7JwXx2E5NAzatqIKmRIAu3TBIQNlHIDURUCgKIgFryDMaE2U4TNKJ6BkiFMZI2tYCFxvm4tjWQCY4vr99lc1mB-t7dr82dzyy6hHn3a5_2S1UJCdIYetDfv8ZBOT-9IEd_x8v4v4_EbpEm-eS1n_pGvp4jd-YnM_dBmxt-Tyff7Pn__rl_e7X_vc_n3zv94XH77v____fv-7___2b_-__-C_rUfxv_W15b_iwV-H7ZDmMX_f4A-7EMQQGyaNmBcy6luSME99hMyRImjCmCBkQAKN0QSABKRgIRERAoQiIFS8Q7ABNEOE7SAHgZIAzGWJgUABIT4uLY1kAmeDqfnVXfYktrOTa9tlcslm4I79yrXnklVCYnCmDBR3rbGAREeryFPd0StaLSPzG6RICkAMb_5VqZeF2HuLxz1aasTXkcnTEv33Zc9_3u0TtmPvdZPr_0nf-3-b11ufv_2zZ_39d_P3gAAA.IL-tR_G__bXlv-bb36ftkeYxf9_hr7sQxBgbJs24FzLvW7JwX32E7NEzatqYKmRIAu3TBIQNtHIjURUChKIgVrzDsaE2U4TtKJ-BkiHMZY2tYCFxvm4tjWQCZ4vr_91d9mT-t7dr-2dzy27hnv3a9_-S1UJidKYetHfv8ZBOT-_IU9_x-_4v4_MbpEm-eS1v_tWvt43d-4vP_dpuxt-Tyff7____73_e7X__c__33___Xf_7_____________f____-A.f_wACHwAAAAA&us_privacy=1---&yv=1.16.6:0
[   29875ms] [ERROR] Failed to load resource: net::ERR_CONNECTION_REFUSED @ https://imgsct.cookiebot.com/1.gif?dgi=e33407d2-0296-4168-a6fb-6e38ce5f1ffb:0
[   29954ms] [ERROR] Failed to load resource: net::ERR_CONNECTION_REFUSED @ https://intersc.igaming-service.io/hltv.org.js?ver=2026-2-12:0
[   33311ms] [ERROR] Failed to load resource: net::ERR_CONNECTION_REFUSED @ https://www.googletagservices.com/tag/js/gpt.js:0
[   33311ms] [ERROR] Failed to load resource: net::ERR_CONNECTION_REFUSED @ https://cadmus.script.ac/d23sa75evsxrsv/script.js:0
[   33321ms] [ERROR] Failed to load resource: net::ERR_CONNECTION_REFUSED @ https://r.uuidksinc.net/match/1043602/:0
[   33323ms] [ERROR] Failed to load resource: net::ERR_CONNECTION_REFUSED @ https://htlbid.com/stage/v3/hltv.org/htlbid.js:0
[   33324ms] [ERROR] Failed to load resource: net::ERR_CONNECTION_REFUSED @ https://sdk.mrf.io/statics/marfeel-sdk.js?id=6703:0
[   33324ms] [ERROR] Failed to load resource: net::ERR_CONNECTION_REFUSED @ https://www.googletagmanager.com/gtag/js?id=G-525WEYQTV9:0
[   33324ms] [ERROR] Failed to load resource: net::ERR_CONNECTION_REFUSED @ https://www.google-analytics.com/analytics.js:0
[   33324ms] [ERROR] Failed to load resource: net::ERR_CONNECTION_REFUSED @ https://pj.l.liftdsp.com/admtracker.lib.min.js:0
[   33324ms] [ERROR] Failed to load resource: net::ERR_CONNECTION_REFUSED @ https://static.ads-twitter.com/uwt.js:0
[   33324ms] [ERROR] Failed to load resource: net::ERR_CONNECTION_REFUSED @ https://amplify.outbrain.com/cp/obtp.js:0
[   33340ms] [ERROR] Failed to load resource: net::ERR_CONNECTION_REFUSED @ https://sp.analytics.yahoo.com/sp.pl?a=10000&d=Thu%2C%2012%20Feb%202026%2004%3A25%3A30%20GMT&n=-1&b=Counter-Strike%20Ranking%20%7C%20World%20Ranking%20%7C%20HLTV.org&.yp=10135249&f=https%3A%2F%2Fwww.hltv.org%2Franking%2Fteams%2F2025%2Faugust%2F18&enc=UTF-8&gdpr=1&gdpr_consent=CQfgvAAQfgvAACGABBENCRFsAP_gAEPgAAAAL-tR_G__bWlr-bb3aftkeYxP9_hr7sQxBgbJk24FzLvW7JwXx2E5NAzatqIKmRIAu3TBIQNlHIDURUCgKIgFryDMaE2U4TNKJ6BkiFMZI2tYCFxvm4tjWQCY4vr99lc1mB-t7dr82dzyy6hHn3a5_2S1UJCdIYetDfv8ZBOT-9IEd_x8v4v4_EbpEm-eS1n_pGvp4jd-YnM_dBmxt-Tyff7Pn__rl_e7X_vc_n3zv94XH77v____fv-7___2b_-__-C_rUfxv_W15b_iwV-H7ZDmMX_f4A-7EMQQGyaNmBcy6luSME99hMyRImjCmCBkQAKN0QSABKRgIRERAoQiIFS8Q7ABNEOE7SAHgZIAzGWJgUABIT4uLY1kAmeDqfnVXfYktrOTa9tlcslm4I79yrXnklVCYnCmDBR3rbGAREeryFPd0StaLSPzG6RICkAMb_5VqZeF2HuLxz1aasTXkcnTEv33Zc9_3u0TtmPvdZPr_0nf-3-b11ufv_2zZ_39d_P3gAAA.IL-tR_G__bXlv-bb36ftkeYxf9_hr7sQxBgbJs24FzLvW7JwX32E7NEzatqYKmRIAu3TBIQNtHIjURUChKIgVrzDsaE2U4TtKJ-BkiHMZY2tYCFxvm4tjWQCZ4vr_91d9mT-t7dr-2dzy27hnv3a9_-S1UJidKYetHfv8ZBOT-_IU9_x-_4v4_MbpEm-eS1v_tWvt43d-4vP_dpuxt-Tyff7____73_e7X__c__33___Xf_7_____________f____-A.f_wACHwAAAAA&us_privacy=1---&yv=1.16.6:0
[   33762ms] [ERROR] Failed to load resource: net::ERR_CONNECTION_REFUSED @ https://imgsct.cookiebot.com/1.gif?dgi=e33407d2-0296-4168-a6fb-6e38ce5f1ffb:0
[   33836ms] [ERROR] Failed to load resource: net::ERR_CONNECTION_REFUSED @ https://intersc.igaming-service.io/hltv.org.js?ver=2026-2-12:0
[   37306ms] [ERROR] Failed to load resource: net::ERR_CONNECTION_REFUSED @ https://www.googletagservices.com/tag/js/gpt.js:0
[   37306ms] [ERROR] Failed to load resource: net::ERR_CONNECTION_REFUSED @ https://cadmus.script.ac/d23sa75evsxrsv/script.js:0
[   37342ms] [ERROR] Failed to load resource: net::ERR_CONNECTION_REFUSED @ https://r.uuidksinc.net/match/1043602/:0
[   37342ms] [ERROR] Failed to load resource: net::ERR_CONNECTION_REFUSED @ https://htlbid.com/stage/v3/hltv.org/htlbid.js:0
[   37350ms] [ERROR] Failed to load resource: net::ERR_CONNECTION_REFUSED @ https://sdk.mrf.io/statics/marfeel-sdk.js?id=6703:0
[   37350ms] [ERROR] Failed to load resource: net::ERR_CONNECTION_REFUSED @ https://www.googletagmanager.com/gtag/js?id=G-525WEYQTV9:0
[   37350ms] [ERROR] Failed to load resource: net::ERR_CONNECTION_REFUSED @ https://www.google-analytics.com/analytics.js:0
[   37350ms] [ERROR] Failed to load resource: net::ERR_CONNECTION_REFUSED @ https://pj.l.liftdsp.com/admtracker.lib.min.js:0
[   37350ms] [ERROR] Failed to load resource: net::ERR_CONNECTION_REFUSED @ https://static.ads-twitter.com/uwt.js:0
[   37355ms] [ERROR] Failed to load resource: net::ERR_CONNECTION_REFUSED @ https://amplify.outbrain.com/cp/obtp.js:0
[   37374ms] [ERROR] Failed to load resource: net::ERR_CONNECTION_REFUSED @ https://sp.analytics.yahoo.com/sp.pl?a=10000&d=Thu%2C%2012%20Feb%202026%2004%3A25%3A34%20GMT&n=-1&b=Counter-Strike%20Ranking%20%7C%20World%20Ranking%20%7C%20HLTV.org&.yp=10135249&f=https%3A%2F%2Fwww.hltv.org%2Franking%2Fteams%2F2025%2Faugust%2F25&enc=UTF-8&gdpr=1&gdpr_consent=CQfgvAAQfgvAACGABBENCRFsAP_gAEPgAAAAL-tR_G__bWlr-bb3aftkeYxP9_hr7sQxBgbJk24FzLvW7JwXx2E5NAzatqIKmRIAu3TBIQNlHIDURUCgKIgFryDMaE2U4TNKJ6BkiFMZI2tYCFxvm4tjWQCY4vr99lc1mB-t7dr82dzyy6hHn3a5_2S1UJCdIYetDfv8ZBOT-9IEd_x8v4v4_EbpEm-eS1n_pGvp4jd-YnM_dBmxt-Tyff7Pn__rl_e7X_vc_n3zv94XH77v____fv-7___2b_-__-C_rUfxv_W15b_iwV-H7ZDmMX_f4A-7EMQQGyaNmBcy6luSME99hMyRImjCmCBkQAKN0QSABKRgIRERAoQiIFS8Q7ABNEOE7SAHgZIAzGWJgUABIT4uLY1kAmeDqfnVXfYktrOTa9tlcslm4I79yrXnklVCYnCmDBR3rbGAREeryFPd0StaLSPzG6RICkAMb_5VqZeF2HuLxz1aasTXkcnTEv33Zc9_3u0TtmPvdZPr_0nf-3-b11ufv_2zZ_39d_P3gAAA.IL-tR_G__bXlv-bb36ftkeYxf9_hr7sQxBgbJs24FzLvW7JwX32E7NEzatqYKmRIAu3TBIQNtHIjURUChKIgVrzDsaE2U4TtKJ-BkiHMZY2tYCFxvm4tjWQCZ4vr_91d9mT-t7dr-2dzy27hnv3a9_-S1UJidKYetHfv8ZBOT-_IU9_x-_4v4_MbpEm-eS1v_tWvt43d-4vP_dpuxt-Tyff7____73_e7X__c__33___Xf_7_____________f____-A.f_wACHwAAAAA&us_privacy=1---&yv=1.16.6:0
[   37646ms] [ERROR] Failed to load resource: net::ERR_CONNECTION_REFUSED @ https://imgsct.cookiebot.com/1.gif?dgi=e33407d2-0296-4168-a6fb-6e38ce5f1ffb:0
[   37664ms] [ERROR] Failed to load resource: net::ERR_CONNECTION_REFUSED @ https://intersc.igaming-service.io/hltv.org.js?ver=2026-2-12:0
[   41161ms] [ERROR] Failed to load resource: the server responded with a status of 404 () @ https://www.hltv.org/ranking/teams/2025/september/1:0
[   41169ms] [ERROR] Failed to load resource: net::ERR_CONNECTION_REFUSED @ https://www.googletagservices.com/tag/js/gpt.js:0
[   41169ms] [ERROR] Failed to load resource: net::ERR_CONNECTION_REFUSED @ https://cadmus.script.ac/d23sa75evsxrsv/script.js:0
[   41202ms] [ERROR] Failed to load resource: net::ERR_CONNECTION_REFUSED @ https://r.uuidksinc.net/match/1043602/:0
[   41220ms] [ERROR] Failed to load resource: net::ERR_CONNECTION_REFUSED @ https://sdk.mrf.io/statics/marfeel-sdk.js?id=6703:0
[   41220ms] [ERROR] Failed to load resource: net::ERR_CONNECTION_REFUSED @ https://htlbid.com/stage/v3/hltv.org/htlbid.js:0
[   41220ms] [ERROR] Failed to load resource: net::ERR_CONNECTION_REFUSED @ https://www.googletagmanager.com/gtag/js?id=G-525WEYQTV9:0
[   41220ms] [ERROR] Failed to load resource: net::ERR_CONNECTION_REFUSED @ https://www.google-analytics.com/analytics.js:0
[   41220ms] [ERROR] Failed to load resource: net::ERR_CONNECTION_REFUSED @ https://pj.l.liftdsp.com/admtracker.lib.min.js:0
[   41220ms] [ERROR] Failed to load resource: net::ERR_CONNECTION_REFUSED @ https://static.ads-twitter.com/uwt.js:0
[   41224ms] [ERROR] Failed to load resource: net::ERR_CONNECTION_REFUSED @ https://amplify.outbrain.com/cp/obtp.js:0
[   41258ms] [ERROR] Failed to load resource: net::ERR_CONNECTION_REFUSED @ https://sp.analytics.yahoo.com/sp.pl?a=10000&d=Thu%2C%2012%20Feb%202026%2004%3A25%3A38%20GMT&n=-1&b=HLTV.org%20-%20The%20home%20of%20competitive%20Counter-Strike&.yp=10135249&f=https%3A%2F%2Fwww.hltv.org%2Franking%2Fteams%2F2025%2Fseptember%2F1&enc=UTF-8&gdpr=1&gdpr_consent=CQfgvAAQfgvAACGABBENCRFsAP_gAEPgAAAAL-tR_G__bWlr-bb3aftkeYxP9_hr7sQxBgbJk24FzLvW7JwXx2E5NAzatqIKmRIAu3TBIQNlHIDURUCgKIgFryDMaE2U4TNKJ6BkiFMZI2tYCFxvm4tjWQCY4vr99lc1mB-t7dr82dzyy6hHn3a5_2S1UJCdIYetDfv8ZBOT-9IEd_x8v4v4_EbpEm-eS1n_pGvp4jd-YnM_dBmxt-Tyff7Pn__rl_e7X_vc_n3zv94XH77v____fv-7___2b_-__-C_rUfxv_W15b_iwV-H7ZDmMX_f4A-7EMQQGyaNmBcy6luSME99hMyRImjCmCBkQAKN0QSABKRgIRERAoQiIFS8Q7ABNEOE7SAHgZIAzGWJgUABIT4uLY1kAmeDqfnVXfYktrOTa9tlcslm4I79yrXnklVCYnCmDBR3rbGAREeryFPd0StaLSPzG6RICkAMb_5VqZeF2HuLxz1aasTXkcnTEv33Zc9_3u0TtmPvdZPr_0nf-3-b11ufv_2zZ_39d_P3gAAA.IL-tR_G__bXlv-bb36ftkeYxf9_hr7sQxBgbJs24FzLvW7JwX32E7NEzatqYKmRIAu3TBIQNtHIjURUChKIgVrzDsaE2U4TtKJ-BkiHMZY2tYCFxvm4tjWQCZ4vr_91d9mT-t7dr-2dzy27hnv3a9_-S1UJidKYetHfv8ZBOT-_IU9_x-_4v4_MbpEm-eS1v_tWvt43d-4vP_dpuxt-Tyff7____73_e7X__c__33___Xf_7_____________f____-A.f_wACHwAAAAA&us_privacy=1---&yv=1.16.6:0
[   41478ms] [ERROR] Failed to load resource: net::ERR_CONNECTION_REFUSED @ https://imgsct.cookiebot.com/1.gif?dgi=e33407d2-0296-4168-a6fb-6e38ce5f1ffb:0
[   41502ms] [ERROR] Failed to load resource: net::ERR_CONNECTION_REFUSED @ https://intersc.igaming-service.io/hltv.org.js?ver=2026-2-12:0
[   45921ms] [WARNING] The resource https://www.googletagservices.com/tag/js/gpt.js was preloaded using link preload but not used within a few seconds from the window's load event. Please make sure it has an appropriate `as` value and it is preloaded intentionally. @ https://www.hltv.org/ranking/teams/2025/september/1:0
[   66772ms] [ERROR] Failed to load resource: the server responded with a status of 404 () @ https://www.hltv.org/ranking/teams/2025/september/1:0
[   66782ms] [ERROR] Failed to load resource: net::ERR_CONNECTION_REFUSED @ https://www.googletagservices.com/tag/js/gpt.js:0
[   66782ms] [ERROR] Failed to load resource: net::ERR_CONNECTION_REFUSED @ https://cadmus.script.ac/d23sa75evsxrsv/script.js:0
[   66836ms] [ERROR] Failed to load resource: net::ERR_CONNECTION_REFUSED @ https://sdk.mrf.io/statics/marfeel-sdk.js?id=6703:0
[   66913ms] [ERROR] Failed to load resource: net::ERR_CONNECTION_REFUSED @ https://htlbid.com/stage/v3/hltv.org/htlbid.js:0
[   66944ms] [ERROR] Failed to load resource: net::ERR_CONNECTION_REFUSED @ https://r.uuidksinc.net/match/1043602/:0
[   66944ms] [ERROR] Failed to load resource: net::ERR_CONNECTION_REFUSED @ https://pj.l.liftdsp.com/admtracker.lib.min.js:0
[   66944ms] [ERROR] Failed to load resource: net::ERR_CONNECTION_REFUSED @ https://www.google-analytics.com/analytics.js:0
[   66944ms] [ERROR] Failed to load resource: net::ERR_CONNECTION_REFUSED @ https://static.ads-twitter.com/uwt.js:0
[   66944ms] [ERROR] Failed to load resource: net::ERR_CONNECTION_REFUSED @ https://www.googletagmanager.com/gtag/js?id=G-525WEYQTV9:0
[   66951ms] [ERROR] Failed to load resource: net::ERR_CONNECTION_REFUSED @ https://amplify.outbrain.com/cp/obtp.js:0
[   67003ms] [ERROR] Failed to load resource: net::ERR_CONNECTION_REFUSED @ https://sp.analytics.yahoo.com/sp.pl?a=10000&d=Thu%2C%2012%20Feb%202026%2004%3A26%3A04%20GMT&n=-1&b=HLTV.org%20-%20The%20home%20of%20competitive%20Counter-Strike&.yp=10135249&f=https%3A%2F%2Fwww.hltv.org%2Franking%2Fteams%2F2025%2Fseptember%2F1&enc=UTF-8&gdpr=1&gdpr_consent=CQfgvAAQfgvAACGABBENCRFsAP_gAEPgAAAAL-tR_G__bWlr-bb3aftkeYxP9_hr7sQxBgbJk24FzLvW7JwXx2E5NAzatqIKmRIAu3TBIQNlHIDURUCgKIgFryDMaE2U4TNKJ6BkiFMZI2tYCFxvm4tjWQCY4vr99lc1mB-t7dr82dzyy6hHn3a5_2S1UJCdIYetDfv8ZBOT-9IEd_x8v4v4_EbpEm-eS1n_pGvp4jd-YnM_dBmxt-Tyff7Pn__rl_e7X_vc_n3zv94XH77v____fv-7___2b_-__-C_rUfxv_W15b_iwV-H7ZDmMX_f4A-7EMQQGyaNmBcy6luSME99hMyRImjCmCBkQAKN0QSABKRgIRERAoQiIFS8Q7ABNEOE7SAHgZIAzGWJgUABIT4uLY1kAmeDqfnVXfYktrOTa9tlcslm4I79yrXnklVCYnCmDBR3rbGAREeryFPd0StaLSPzG6RICkAMb_5VqZeF2HuLxz1aasTXkcnTEv33Zc9_3u0TtmPvdZPr_0nf-3-b11ufv_2zZ_39d_P3gAAA.IL-tR_G__bXlv-bb36ftkeYxf9_hr7sQxBgbJs24FzLvW7JwX32E7NEzatqYKmRIAu3TBIQNtHIjURUChKIgVrzDsaE2U4TtKJ-BkiHMZY2tYCFxvm4tjWQCZ4vr_91d9mT-t7dr-2dzy27hnv3a9_-S1UJidKYetHfv8ZBOT-_IU9_x-_4v4_MbpEm-eS1v_tWvt43d-4vP_dpuxt-Tyff7____73_e7X__c__33___Xf_7_____________f____-A.f_wACHwAAAAA&us_privacy=1---&yv=1.16.6:0
[   67173ms] [ERROR] Failed to load resource: net::ERR_CONNECTION_REFUSED @ https://imgsct.cookiebot.com/1.gif?dgi=e33407d2-0296-4168-a6fb-6e38ce5f1ffb:0
[   67243ms] [ERROR] Failed to load resource: net::ERR_CONNECTION_REFUSED @ https://intersc.igaming-service.io/hltv.org.js?ver=2026-2-12:0
[   71544ms] [WARNING] The resource https://www.googletagservices.com/tag/js/gpt.js was preloaded using link preload but not used within a few seconds from the window's load event. Please make sure it has an appropriate `as` value and it is preloaded intentionally. @ https://www.hltv.org/ranking/teams/2025/september/1:0
[   92782ms] [ERROR] Failed to load resource: the server responded with a status of 404 () @ https://www.hltv.org/ranking/teams/2025/september/1:0
[   92785ms] [ERROR] Failed to load resource: net::ERR_CONNECTION_REFUSED @ https://www.googletagservices.com/tag/js/gpt.js:0
[   92785ms] [ERROR] Failed to load resource: net::ERR_CONNECTION_REFUSED @ https://cadmus.script.ac/d23sa75evsxrsv/script.js:0
[   92816ms] [ERROR] Failed to load resource: net::ERR_CONNECTION_REFUSED @ https://r.uuidksinc.net/match/1043602/:0
[   92816ms] [ERROR] Failed to load resource: net::ERR_CONNECTION_REFUSED @ https://htlbid.com/stage/v3/hltv.org/htlbid.js:0
[   92819ms] [ERROR] Failed to load resource: net::ERR_CONNECTION_REFUSED @ https://sdk.mrf.io/statics/marfeel-sdk.js?id=6703:0
[   92819ms] [ERROR] Failed to load resource: net::ERR_CONNECTION_REFUSED @ https://www.googletagmanager.com/gtag/js?id=G-525WEYQTV9:0
[   92819ms] [ERROR] Failed to load resource: net::ERR_CONNECTION_REFUSED @ https://www.google-analytics.com/analytics.js:0
[   92819ms] [ERROR] Failed to load resource: net::ERR_CONNECTION_REFUSED @ https://pj.l.liftdsp.com/admtracker.lib.min.js:0
[   92819ms] [ERROR] Failed to load resource: net::ERR_CONNECTION_REFUSED @ https://static.ads-twitter.com/uwt.js:0
[   92821ms] [ERROR] Failed to load resource: net::ERR_CONNECTION_REFUSED @ https://amplify.outbrain.com/cp/obtp.js:0
[   92835ms] [ERROR] Failed to load resource: net::ERR_CONNECTION_REFUSED @ https://sp.analytics.yahoo.com/sp.pl?a=10000&d=Thu%2C%2012%20Feb%202026%2004%3A26%3A30%20GMT&n=-1&b=HLTV.org%20-%20The%20home%20of%20competitive%20Counter-Strike&.yp=10135249&f=https%3A%2F%2Fwww.hltv.org%2Franking%2Fteams%2F2025%2Fseptember%2F1&enc=UTF-8&gdpr=1&gdpr_consent=CQfgvAAQfgvAACGABBENCRFsAP_gAEPgAAAAL-tR_G__bWlr-bb3aftkeYxP9_hr7sQxBgbJk24FzLvW7JwXx2E5NAzatqIKmRIAu3TBIQNlHIDURUCgKIgFryDMaE2U4TNKJ6BkiFMZI2tYCFxvm4tjWQCY4vr99lc1mB-t7dr82dzyy6hHn3a5_2S1UJCdIYetDfv8ZBOT-9IEd_x8v4v4_EbpEm-eS1n_pGvp4jd-YnM_dBmxt-Tyff7Pn__rl_e7X_vc_n3zv94XH77v____fv-7___2b_-__-C_rUfxv_W15b_iwV-H7ZDmMX_f4A-7EMQQGyaNmBcy6luSME99hMyRImjCmCBkQAKN0QSABKRgIRERAoQiIFS8Q7ABNEOE7SAHgZIAzGWJgUABIT4uLY1kAmeDqfnVXfYktrOTa9tlcslm4I79yrXnklVCYnCmDBR3rbGAREeryFPd0StaLSPzG6RICkAMb_5VqZeF2HuLxz1aasTXkcnTEv33Zc9_3u0TtmPvdZPr_0nf-3-b11ufv_2zZ_39d_P3gAAA.IL-tR_G__bXlv-bb36ftkeYxf9_hr7sQxBgbJs24FzLvW7JwX32E7NEzatqYKmRIAu3TBIQNtHIjURUChKIgVrzDsaE2U4TtKJ-BkiHMZY2tYCFxvm4tjWQCZ4vr_91d9mT-t7dr-2dzy27hnv3a9_-S1UJidKYetHfv8ZBOT-_IU9_x-_4v4_MbpEm-eS1v_tWvt43d-4vP_dpuxt-Tyff7____73_e7X__c__33___Xf_7_____________f____-A.f_wACHwAAAAA&us_privacy=1---&yv=1.16.6:0
[   93207ms] [ERROR] Failed to load resource: net::ERR_CONNECTION_REFUSED @ https://imgsct.cookiebot.com/1.gif?dgi=e33407d2-0296-4168-a6fb-6e38ce5f1ffb:0
[   93208ms] [ERROR] Failed to load resource: net::ERR_CONNECTION_REFUSED @ https://intersc.igaming-service.io/hltv.org.js?ver=2026-2-12:0
[   97632ms] [WARNING] The resource https://www.googletagservices.com/tag/js/gpt.js was preloaded using link preload but not used within a few seconds from the window's load event. Please make sure it has an appropriate `as` value and it is preloaded intentionally. @ https://www.hltv.org/ranking/teams/2025/september/1:0
[  113385ms] [ERROR] Failed to load resource: net::ERR_CONNECTION_REFUSED @ https://www.googletagservices.com/tag/js/gpt.js:0
[  113385ms] [ERROR] Failed to load resource: net::ERR_CONNECTION_REFUSED @ https://cadmus.script.ac/d23sa75evsxrsv/script.js:0
[  113387ms] [ERROR] Failed to load resource: net::ERR_CONNECTION_REFUSED @ https://r.uuidksinc.net/match/1043602/:0
[  113397ms] [ERROR] Failed to load resource: net::ERR_CONNECTION_REFUSED @ https://htlbid.com/stage/v3/hltv.org/htlbid.js:0
[  113397ms] [ERROR] Failed to load resource: net::ERR_CONNECTION_REFUSED @ https://sdk.mrf.io/statics/marfeel-sdk.js?id=6703:0
[  113397ms] [ERROR] Failed to load resource: net::ERR_CONNECTION_REFUSED @ https://www.googletagmanager.com/gtag/js?id=G-525WEYQTV9:0
[  113397ms] [ERROR] Failed to load resource: net::ERR_CONNECTION_REFUSED @ https://www.google-analytics.com/analytics.js:0
[  113397ms] [ERROR] Failed to load resource: net::ERR_CONNECTION_REFUSED @ https://pj.l.liftdsp.com/admtracker.lib.min.js:0
[  113397ms] [ERROR] Failed to load resource: net::ERR_CONNECTION_REFUSED @ https://static.ads-twitter.com/uwt.js:0
[  113397ms] [ERROR] Failed to load resource: net::ERR_CONNECTION_REFUSED @ https://amplify.outbrain.com/cp/obtp.js:0
[  113414ms] [ERROR] Failed to load resource: net::ERR_CONNECTION_REFUSED @ https://sp.analytics.yahoo.com/sp.pl?a=10000&d=Thu%2C%2012%20Feb%202026%2004%3A26%3A50%20GMT&n=-1&b=Counter-Strike%20Ranking%20%7C%20World%20Ranking%20%7C%20HLTV.org&.yp=10135249&f=https%3A%2F%2Fwww.hltv.org%2Franking%2Fteams%2F2025%2Fseptember%2F8&enc=UTF-8&gdpr=1&gdpr_consent=CQfgvAAQfgvAACGABBENCRFsAP_gAEPgAAAAL-tR_G__bWlr-bb3aftkeYxP9_hr7sQxBgbJk24FzLvW7JwXx2E5NAzatqIKmRIAu3TBIQNlHIDURUCgKIgFryDMaE2U4TNKJ6BkiFMZI2tYCFxvm4tjWQCY4vr99lc1mB-t7dr82dzyy6hHn3a5_2S1UJCdIYetDfv8ZBOT-9IEd_x8v4v4_EbpEm-eS1n_pGvp4jd-YnM_dBmxt-Tyff7Pn__rl_e7X_vc_n3zv94XH77v____fv-7___2b_-__-C_rUfxv_W15b_iwV-H7ZDmMX_f4A-7EMQQGyaNmBcy6luSME99hMyRImjCmCBkQAKN0QSABKRgIRERAoQiIFS8Q7ABNEOE7SAHgZIAzGWJgUABIT4uLY1kAmeDqfnVXfYktrOTa9tlcslm4I79yrXnklVCYnCmDBR3rbGAREeryFPd0StaLSPzG6RICkAMb_5VqZeF2HuLxz1aasTXkcnTEv33Zc9_3u0TtmPvdZPr_0nf-3-b11ufv_2zZ_39d_P3gAAA.IL-tR_G__bXlv-bb36ftkeYxf9_hr7sQxBgbJs24FzLvW7JwX32E7NEzatqYKmRIAu3TBIQNtHIjURUChKIgVrzDsaE2U4TtKJ-BkiHMZY2tYCFxvm4tjWQCZ4vr_91d9mT-t7dr-2dzy27hnv3a9_-S1UJidKYetHfv8ZBOT-_IU9_x-_4v4_MbpEm-eS1v_tWvt43d-4vP_dpuxt-Tyff7____73_e7X__c__33___Xf_7_____________f____-A.f_wACHwAAAAA&us_privacy=1---&yv=1.16.6:0
[  113839ms] [ERROR] Failed to load resource: net::ERR_CONNECTION_REFUSED @ https://imgsct.cookiebot.com/1.gif?dgi=e33407d2-0296-4168-a6fb-6e38ce5f1ffb:0
[  113858ms] [ERROR] Failed to load resource: net::ERR_CONNECTION_REFUSED @ https://intersc.igaming-service.io/hltv.org.js?ver=2026-2-12:0
[  117413ms] [ERROR] Failed to load resource: net::ERR_CONNECTION_REFUSED @ https://www.googletagservices.com/tag/js/gpt.js:0
[  117413ms] [ERROR] Failed to load resource: net::ERR_CONNECTION_REFUSED @ https://cadmus.script.ac/d23sa75evsxrsv/script.js:0
[  117452ms] [ERROR] Failed to load resource: net::ERR_CONNECTION_REFUSED @ https://r.uuidksinc.net/match/1043602/:0
[  117453ms] [ERROR] Failed to load resource: net::ERR_CONNECTION_REFUSED @ https://htlbid.com/stage/v3/hltv.org/htlbid.js:0
[  117460ms] [ERROR] Failed to load resource: net::ERR_CONNECTION_REFUSED @ https://sdk.mrf.io/statics/marfeel-sdk.js?id=6703:0
[  117460ms] [ERROR] Failed to load resource: net::ERR_CONNECTION_REFUSED @ https://www.googletagmanager.com/gtag/js?id=G-525WEYQTV9:0
[  117460ms] [ERROR] Failed to load resource: net::ERR_CONNECTION_REFUSED @ https://www.google-analytics.com/analytics.js:0
[  117460ms] [ERROR] Failed to load resource: net::ERR_CONNECTION_REFUSED @ https://pj.l.liftdsp.com/admtracker.lib.min.js:0
[  117460ms] [ERROR] Failed to load resource: net::ERR_CONNECTION_REFUSED @ https://static.ads-twitter.com/uwt.js:0
[  117464ms] [ERROR] Failed to load resource: net::ERR_CONNECTION_REFUSED @ https://amplify.outbrain.com/cp/obtp.js:0
[  117474ms] [ERROR] Failed to load resource: net::ERR_CONNECTION_REFUSED @ https://sp.analytics.yahoo.com/sp.pl?a=10000&d=Thu%2C%2012%20Feb%202026%2004%3A26%3A54%20GMT&n=-1&b=Counter-Strike%20Ranking%20%7C%20World%20Ranking%20%7C%20HLTV.org&.yp=10135249&f=https%3A%2F%2Fwww.hltv.org%2Franking%2Fteams%2F2025%2Fseptember%2F15&enc=UTF-8&gdpr=1&gdpr_consent=CQfgvAAQfgvAACGABBENCRFsAP_gAEPgAAAAL-tR_G__bWlr-bb3aftkeYxP9_hr7sQxBgbJk24FzLvW7JwXx2E5NAzatqIKmRIAu3TBIQNlHIDURUCgKIgFryDMaE2U4TNKJ6BkiFMZI2tYCFxvm4tjWQCY4vr99lc1mB-t7dr82dzyy6hHn3a5_2S1UJCdIYetDfv8ZBOT-9IEd_x8v4v4_EbpEm-eS1n_pGvp4jd-YnM_dBmxt-Tyff7Pn__rl_e7X_vc_n3zv94XH77v____fv-7___2b_-__-C_rUfxv_W15b_iwV-H7ZDmMX_f4A-7EMQQGyaNmBcy6luSME99hMyRImjCmCBkQAKN0QSABKRgIRERAoQiIFS8Q7ABNEOE7SAHgZIAzGWJgUABIT4uLY1kAmeDqfnVXfYktrOTa9tlcslm4I79yrXnklVCYnCmDBR3rbGAREeryFPd0StaLSPzG6RICkAMb_5VqZeF2HuLxz1aasTXkcnTEv33Zc9_3u0TtmPvdZPr_0nf-3-b11ufv_2zZ_39d_P3gAAA.IL-tR_G__bXlv-bb36ftkeYxf9_hr7sQxBgbJs24FzLvW7JwX32E7NEzatqYKmRIAu3TBIQNtHIjURUChKIgVrzDsaE2U4TtKJ-BkiHMZY2tYCFxvm4tjWQCZ4vr_91d9mT-t7dr-2dzy27hnv3a9_-S1UJidKYetHfv8ZBOT-_IU9_x-_4v4_MbpEm-eS1v_tWvt43d-4vP_dpuxt-Tyff7____73_e7X__c__33___Xf_7_____________f____-A.f_wACHwAAAAA&us_privacy=1---&yv=1.16.6:0
[  117752ms] [ERROR] Failed to load resource: net::ERR_CONNECTION_REFUSED @ https://imgsct.cookiebot.com/1.gif?dgi=e33407d2-0296-4168-a6fb-6e38ce5f1ffb:0
[  117762ms] [ERROR] Failed to load resource: net::ERR_CONNECTION_REFUSED @ https://intersc.igaming-service.io/hltv.org.js?ver=2026-2-12:0
[  121279ms] [ERROR] Failed to load resource: net::ERR_CONNECTION_REFUSED @ https://www.googletagservices.com/tag/js/gpt.js:0
[  121279ms] [ERROR] Failed to load resource: net::ERR_CONNECTION_REFUSED @ https://cadmus.script.ac/d23sa75evsxrsv/script.js:0
[  121289ms] [ERROR] Failed to load resource: net::ERR_CONNECTION_REFUSED @ https://r.uuidksinc.net/match/1043602/:0
[  121292ms] [ERROR] Failed to load resource: net::ERR_CONNECTION_REFUSED @ https://htlbid.com/stage/v3/hltv.org/htlbid.js:0
[  121292ms] [ERROR] Failed to load resource: net::ERR_CONNECTION_REFUSED @ https://sdk.mrf.io/statics/marfeel-sdk.js?id=6703:0
[  121292ms] [ERROR] Failed to load resource: net::ERR_CONNECTION_REFUSED @ https://www.googletagmanager.com/gtag/js?id=G-525WEYQTV9:0
[  121292ms] [ERROR] Failed to load resource: net::ERR_CONNECTION_REFUSED @ https://www.google-analytics.com/analytics.js:0
[  121292ms] [ERROR] Failed to load resource: net::ERR_CONNECTION_REFUSED @ https://pj.l.liftdsp.com/admtracker.lib.min.js:0
[  121293ms] [ERROR] Failed to load resource: net::ERR_CONNECTION_REFUSED @ https://static.ads-twitter.com/uwt.js:0
[  121293ms] [ERROR] Failed to load resource: net::ERR_CONNECTION_REFUSED @ https://amplify.outbrain.com/cp/obtp.js:0
[  121310ms] [ERROR] Failed to load resource: net::ERR_CONNECTION_REFUSED @ https://sp.analytics.yahoo.com/sp.pl?a=10000&d=Thu%2C%2012%20Feb%202026%2004%3A26%3A58%20GMT&n=-1&b=Counter-Strike%20Ranking%20%7C%20World%20Ranking%20%7C%20HLTV.org&.yp=10135249&f=https%3A%2F%2Fwww.hltv.org%2Franking%2Fteams%2F2025%2Fseptember%2F22&enc=UTF-8&gdpr=1&gdpr_consent=CQfgvAAQfgvAACGABBENCRFsAP_gAEPgAAAAL-tR_G__bWlr-bb3aftkeYxP9_hr7sQxBgbJk24FzLvW7JwXx2E5NAzatqIKmRIAu3TBIQNlHIDURUCgKIgFryDMaE2U4TNKJ6BkiFMZI2tYCFxvm4tjWQCY4vr99lc1mB-t7dr82dzyy6hHn3a5_2S1UJCdIYetDfv8ZBOT-9IEd_x8v4v4_EbpEm-eS1n_pGvp4jd-YnM_dBmxt-Tyff7Pn__rl_e7X_vc_n3zv94XH77v____fv-7___2b_-__-C_rUfxv_W15b_iwV-H7ZDmMX_f4A-7EMQQGyaNmBcy6luSME99hMyRImjCmCBkQAKN0QSABKRgIRERAoQiIFS8Q7ABNEOE7SAHgZIAzGWJgUABIT4uLY1kAmeDqfnVXfYktrOTa9tlcslm4I79yrXnklVCYnCmDBR3rbGAREeryFPd0StaLSPzG6RICkAMb_5VqZeF2HuLxz1aasTXkcnTEv33Zc9_3u0TtmPvdZPr_0nf-3-b11ufv_2zZ_39d_P3gAAA.IL-tR_G__bXlv-bb36ftkeYxf9_hr7sQxBgbJs24FzLvW7JwX32E7NEzatqYKmRIAu3TBIQNtHIjURUChKIgVrzDsaE2U4TtKJ-BkiHMZY2tYCFxvm4tjWQCZ4vr_91d9mT-t7dr-2dzy27hnv3a9_-S1UJidKYetHfv8ZBOT-_IU9_x-_4v4_MbpEm-eS1v_tWvt43d-4vP_dpuxt-Tyff7____73_e7X__c__33___Xf_7_____________f____-A.f_wACHwAAAAA&us_privacy=1---&yv=1.16.6:0
[  121731ms] [ERROR] Failed to load resource: net::ERR_CONNECTION_REFUSED @ https://imgsct.cookiebot.com/1.gif?dgi=e33407d2-0296-4168-a6fb-6e38ce5f1ffb:0
[  121802ms] [ERROR] Failed to load resource: net::ERR_CONNECTION_REFUSED @ https://intersc.igaming-service.io/hltv.org.js?ver=2026-2-12:0
[  126397ms] [WARNING] The resource https://www.googletagservices.com/tag/js/gpt.js was preloaded using link preload but not used within a few seconds from the window's load event. Please make sure it has an appropriate `as` value and it is preloaded intentionally. @ https://www.hltv.org/ranking/teams/2025/september/22:0
